#
# A fatal error has been detected by the Java Runtime Environment:
#
#  EXCEPTION_ACCESS_VIOLATION (0xc0000005) at pc=0x77a2d968, pid=4608, tid=1000
#
# JRE version: Java(TM) SE Runtime Environment (8.0_60-b27) (build 1.8.0_60-b27)
# Java VM: Java HotSpot(TM) Client VM (25.60-b23 mixed mode, sharing windows-x86 )
# Problematic frame:
# C  [ntdll.dll+0x3d968]
#
# Failed to write core dump. Minidumps are not enabled by default on client versions of Windows
#
# If you would like to submit a bug report, please visit:
#   http://bugreport.java.com/bugreport/crash.jsp
# The crash happened outside the Java Virtual Machine in native code.
# See problematic frame for where to report the bug.
#

---------------  T H R E A D  ---------------

Current thread (0x15cbbc00):  JavaThread "AWT-EventQueue-0" [_thread_in_native, id=1000, stack(0x16380000,0x163d0000)]

siginfo: ExceptionCode=0xc0000005, writing address 0x0000005a

Registers:
EAX=0x00000046, EBX=0xfffffffc, ECX=0x00000000, EDX=0x00000004
ESP=0x163ceabc, EBP=0x163ceb0c, ESI=0x195d4008, EDI=0x195d400c
EIP=0x77a2d968, EFLAGS=0x00010217

Top of Stack: (sp=0x163ceabc)
0x163ceabc:   195d4008 195d400c 00000000 00000062
0x163ceacc:   163ceb00 67c76db3 00000000 00790000
0x163ceadc:   17a850f0 163ceb14 67c76db3 003a002c
0x163ceaec:   00000062 15c9b4a8 15cbbc00 00000000
0x163ceafc:   00000000 00000000 7ef81000 000003fc
0x163ceb0c:   163ceb34 77a2d877 00000000 00000000
0x163ceb1c:   00000000 00000000 195d4008 00000004
0x163ceb2c:   00000000 00000001 163ceba8 17e7c941 

Instructions: (pc=0x77a2d968)
0x77a2d948:   c2 8b d8 8b c1 f0 0f b1 1f 3b c1 0f 85 b1 03 00
0x77a2d958:   00 33 c0 89 45 0c 89 45 08 8b 06 83 f8 ff 74 03
0x77a2d968:   ff 40 14 8b 5d f4 8b 7d f0 80 3d 82 03 fe 7f 00
0x77a2d978:   0f 85 cf 50 04 00 8b 45 fc 57 6a 00 83 f8 ff 0f 


Register to memory mapping:

EAX=0x00000046 is an unknown value
EBX=0xfffffffc is an unknown value
ECX=0x00000000 is an unknown value
EDX=0x00000004 is an unknown value
ESP=0x163ceabc is pointing into the stack for thread: 0x15cbbc00
EBP=0x163ceb0c is pointing into the stack for thread: 0x15cbbc00
ESI=0x195d4008 is an unknown value
EDI=0x195d400c is an unknown value


Stack: [0x16380000,0x163d0000],  sp=0x163ceabc,  free space=314k
Native frames: (J=compiled Java code, j=interpreted, Vv=VM code, C=native code)
C  [ntdll.dll+0x3d968]
C  [ntdll.dll+0x3d877]
C  [facesdk.dll+0xc941]
C  [jna2880408324548253019.dll+0xcb67]
C  [jna2880408324548253019.dll+0xc782]
C  [jna2880408324548253019.dll+0x44ae]
C  [jna2880408324548253019.dll+0x4d0e]
j  com.sun.jna.Native.invokeInt(JI[Ljava/lang/Object;)I+0
j  com.sun.jna.Function.invoke([Ljava/lang/Object;Ljava/lang/Class;Z)Ljava/lang/Object;+333
J 295 C1 com.sun.jna.Function.invoke(Ljava/lang/Class;[Ljava/lang/Object;Ljava/util/Map;)Ljava/lang/Object; (526 bytes) @ 0x02785214 [0x02784d90+0x484]
j  com.sun.jna.Library$Handler.invoke(Ljava/lang/Object;Ljava/lang/reflect/Method;[Ljava/lang/Object;)Ljava/lang/Object;+341
j  Luxand.$Proxy1.FSDK_GrabFrame(ILcom/sun/jna/ptr/IntByReference;)I+23
j  Luxand.FSDKCam.GrabFrame(LLuxand/FSDKCam$HCamera;LLuxand/FSDK$HImage;)I+16
j  admin.FaceTrackingView$1.actionPerformed(Ljava/awt/event/ActionEvent;)V+16
j  javax.swing.Timer.fireActionPerformed(Ljava/awt/event/ActionEvent;)V+34
j  javax.swing.Timer$DoPostEvent.run()V+74
j  java.awt.event.InvocationEvent.dispatch()V+47
j  java.awt.EventQueue.dispatchEventImpl(Ljava/awt/AWTEvent;Ljava/lang/Object;)V+21
j  java.awt.EventQueue.access$500(Ljava/awt/EventQueue;Ljava/awt/AWTEvent;Ljava/lang/Object;)V+3
j  java.awt.EventQueue$3.run()Ljava/lang/Void;+32
j  java.awt.EventQueue$3.run()Ljava/lang/Object;+1
v  ~StubRoutines::call_stub
V  [jvm.dll+0x158985]
V  [jvm.dll+0x21df3e]
V  [jvm.dll+0x158a1e]
V  [jvm.dll+0x10934f]
C  [java.dll+0x102f]
j  java.security.ProtectionDomain$JavaSecurityAccessImpl.doIntersectionPrivilege(Ljava/security/PrivilegedAction;Ljava/security/AccessControlContext;Ljava/security/AccessControlContext;)Ljava/lang/Object;+18
j  java.awt.EventQueue.dispatchEvent(Ljava/awt/AWTEvent;)V+46
j  java.awt.EventDispatchThread.pumpOneEventForFilters(I)V+245
j  java.awt.EventDispatchThread.pumpEventsForFilter(ILjava/awt/Conditional;Ljava/awt/EventFilter;)V+35
j  java.awt.EventDispatchThread.pumpEventsForHierarchy(ILjava/awt/Conditional;Ljava/awt/Component;)V+11
j  java.awt.EventDispatchThread.pumpEvents(ILjava/awt/Conditional;)V+4
j  java.awt.EventDispatchThread.pumpEvents(Ljava/awt/Conditional;)V+3
j  java.awt.EventDispatchThread.run()V+9
v  ~StubRoutines::call_stub
V  [jvm.dll+0x158985]
V  [jvm.dll+0x21df3e]
V  [jvm.dll+0x158a1e]
V  [jvm.dll+0x158ba6]
V  [jvm.dll+0x158c17]
V  [jvm.dll+0xfd45f]
V  [jvm.dll+0x17bddc]
V  [jvm.dll+0x17beca]
V  [jvm.dll+0x1c0466]
C  [msvcr100.dll+0x5c556]
C  [msvcr100.dll+0x5c600]
C  [kernel32.dll+0x1336a]
C  [ntdll.dll+0x39882]
C  [ntdll.dll+0x39855]
C  0x00000000

Java frames: (J=compiled Java code, j=interpreted, Vv=VM code)
j  com.sun.jna.Native.invokeInt(JI[Ljava/lang/Object;)I+0
j  com.sun.jna.Function.invoke([Ljava/lang/Object;Ljava/lang/Class;Z)Ljava/lang/Object;+333
J 295 C1 com.sun.jna.Function.invoke(Ljava/lang/Class;[Ljava/lang/Object;Ljava/util/Map;)Ljava/lang/Object; (526 bytes) @ 0x02785214 [0x02784d90+0x484]
j  com.sun.jna.Library$Handler.invoke(Ljava/lang/Object;Ljava/lang/reflect/Method;[Ljava/lang/Object;)Ljava/lang/Object;+341
j  Luxand.$Proxy1.FSDK_GrabFrame(ILcom/sun/jna/ptr/IntByReference;)I+23
j  Luxand.FSDKCam.GrabFrame(LLuxand/FSDKCam$HCamera;LLuxand/FSDK$HImage;)I+16
j  admin.FaceTrackingView$1.actionPerformed(Ljava/awt/event/ActionEvent;)V+16
j  javax.swing.Timer.fireActionPerformed(Ljava/awt/event/ActionEvent;)V+34
j  javax.swing.Timer$DoPostEvent.run()V+74
j  java.awt.event.InvocationEvent.dispatch()V+47
j  java.awt.EventQueue.dispatchEventImpl(Ljava/awt/AWTEvent;Ljava/lang/Object;)V+21
j  java.awt.EventQueue.access$500(Ljava/awt/EventQueue;Ljava/awt/AWTEvent;Ljava/lang/Object;)V+3
j  java.awt.EventQueue$3.run()Ljava/lang/Void;+32
j  java.awt.EventQueue$3.run()Ljava/lang/Object;+1
v  ~StubRoutines::call_stub
j  java.security.AccessController.doPrivileged(Ljava/security/PrivilegedAction;Ljava/security/AccessControlContext;)Ljava/lang/Object;+0
j  java.security.ProtectionDomain$JavaSecurityAccessImpl.doIntersectionPrivilege(Ljava/security/PrivilegedAction;Ljava/security/AccessControlContext;Ljava/security/AccessControlContext;)Ljava/lang/Object;+18
j  java.awt.EventQueue.dispatchEvent(Ljava/awt/AWTEvent;)V+46
j  java.awt.EventDispatchThread.pumpOneEventForFilters(I)V+245
j  java.awt.EventDispatchThread.pumpEventsForFilter(ILjava/awt/Conditional;Ljava/awt/EventFilter;)V+35
j  java.awt.EventDispatchThread.pumpEventsForHierarchy(ILjava/awt/Conditional;Ljava/awt/Component;)V+11
j  java.awt.EventDispatchThread.pumpEvents(ILjava/awt/Conditional;)V+4
j  java.awt.EventDispatchThread.pumpEvents(Ljava/awt/Conditional;)V+3
j  java.awt.EventDispatchThread.run()V+9
v  ~StubRoutines::call_stub

---------------  P R O C E S S  ---------------

Java Threads: ( => current thread )
  0x17a8c000 JavaThread "TimerQueue" daemon [_thread_blocked, id=4476, stack(0x1c590000,0x1c5e0000)]
  0x0079c400 JavaThread "DestroyJavaVM" [_thread_blocked, id=4100, stack(0x010e0000,0x01130000)]
=>0x15cbbc00 JavaThread "AWT-EventQueue-0" [_thread_in_native, id=1000, stack(0x16380000,0x163d0000)]
  0x15cb8c00 JavaThread "AWT-Windows" daemon [_thread_in_native, id=4056, stack(0x162e0000,0x16330000)]
  0x15cb7800 JavaThread "AWT-Shutdown" [_thread_blocked, id=4464, stack(0x16160000,0x161b0000)]
  0x15cb4c00 JavaThread "Java2D Disposer" daemon [_thread_blocked, id=3992, stack(0x15f70000,0x15fc0000)]
  0x00fa7000 JavaThread "Service Thread" daemon [_thread_blocked, id=2012, stack(0x04740000,0x04790000)]
  0x00f9f800 JavaThread "C1 CompilerThread0" daemon [_thread_blocked, id=3608, stack(0x15be0000,0x15c30000)]
  0x00f9e800 JavaThread "Attach Listener" daemon [_thread_blocked, id=2748, stack(0x15280000,0x152d0000)]
  0x00f9b800 JavaThread "Signal Dispatcher" daemon [_thread_blocked, id=4936, stack(0x159e0000,0x15a30000)]
  0x00f29000 JavaThread "Finalizer" daemon [_thread_blocked, id=4092, stack(0x15340000,0x15390000)]
  0x00f23c00 JavaThread "Reference Handler" daemon [_thread_blocked, id=3696, stack(0x152d0000,0x15320000)]

Other Threads:
  0x00f20800 VMThread [stack: 0x04790000,0x047e0000] [id=3040]
  0x15c80400 WatcherThread [stack: 0x15980000,0x159d0000] [id=1856]

VM state:not at safepoint (normal execution)

VM Mutex/Monitor currently owned by a thread: None

Heap:
 def new generation   total 4992K, used 2686K [0x04800000, 0x04d60000, 0x09d50000)
  eden space 4480K,  59% used [0x04800000, 0x04a9e3c8, 0x04c60000)
  from space 512K,   1% used [0x04ce0000, 0x04ce1570, 0x04d60000)
  to   space 512K,   0% used [0x04c60000, 0x04c60000, 0x04ce0000)
 tenured generation   total 10972K, used 8956K [0x09d50000, 0x0a807000, 0x14800000)
   the space 10972K,  81% used [0x09d50000, 0x0a60f238, 0x0a60f400, 0x0a807000)
 Metaspace       used 1035K, capacity 2855K, committed 2880K, reserved 4480K

Card table byte_map: [0x01130000,0x011c0000] byte_map_base: 0x0110c000

Polling page: 0x00240000

CodeCache: size=32768Kb used=1059Kb max_used=1059Kb free=31708Kb
 bounds [0x02680000, 0x02790000, 0x04680000]
 total_blobs=541 nmethods=297 adapters=175
 compilation: enabled

Compilation events (10 events):
Event: 13.921 Thread 0x00f9f800  297             java.lang.Class::reflectionData (49 bytes)
Event: 13.921 Thread 0x00f9f800 nmethod 297 0x02787d08 code [0x02787e10, 0x02787f7c]
Event: 13.936 Thread 0x00f9f800  298             sun.util.logging.PlatformLogger$DefaultLoggerProxy::isLoggable (29 bytes)
Event: 13.937 Thread 0x00f9f800 nmethod 298 0x02788088 code [0x02788190, 0x02788290]
Event: 13.937 Thread 0x00f9f800  299             sun.util.logging.PlatformLogger::isLoggable (38 bytes)
Event: 13.937 Thread 0x00f9f800 nmethod 299 0x027883c8 code [0x027884e0, 0x02788614]
Event: 13.937 Thread 0x00f9f800  300             java.awt.Component::getParent (5 bytes)
Event: 13.937 Thread 0x00f9f800 nmethod 300 0x027886c8 code [0x027887c0, 0x02788840]
Event: 13.937 Thread 0x00f9f800  301             sun.awt.SunToolkit::isInstanceOf (71 bytes)
Event: 13.938 Thread 0x00f9f800 nmethod 301 0x02788888 code [0x027889e0, 0x02788bd4]

GC Heap History (10 events):
Event: 10.277 GC heap before
{Heap before GC invocations=30 (full 6):
 def new generation   total 4992K, used 3391K [0x04800000, 0x04d60000, 0x09d50000)
  eden space 4480K,  75% used [0x04800000, 0x04b4ff90, 0x04c60000)
  from space 512K,   0% used [0x04c60000, 0x04c60000, 0x04ce0000)
  to   space 512K,   0% used [0x04ce0000, 0x04ce0000, 0x04d60000)
 tenured generation   total 10972K, used 6556K [0x09d50000, 0x0a807000, 0x14800000)
   the space 10972K,  59% used [0x09d50000, 0x0a3b7318, 0x0a3b7400, 0x0a807000)
 Metaspace       used 1013K, capacity 2823K, committed 2880K, reserved 4480K
Event: 10.278 GC heap after
Heap after GC invocations=31 (full 6):
 def new generation   total 4992K, used 5K [0x04800000, 0x04d60000, 0x09d50000)
  eden space 4480K,   0% used [0x04800000, 0x04800000, 0x04c60000)
  from space 512K,   1% used [0x04ce0000, 0x04ce14d0, 0x04d60000)
  to   space 512K,   0% used [0x04c60000, 0x04c60000, 0x04ce0000)
 tenured generation   total 10972K, used 8956K [0x09d50000, 0x0a807000, 0x14800000)
   the space 10972K,  81% used [0x09d50000, 0x0a60f338, 0x0a60f400, 0x0a807000)
 Metaspace       used 1013K, capacity 2823K, committed 2880K, reserved 4480K
}
Event: 10.327 GC heap before
{Heap before GC invocations=31 (full 6):
 def new generation   total 4992K, used 3395K [0x04800000, 0x04d60000, 0x09d50000)
  eden space 4480K,  75% used [0x04800000, 0x04b4f738, 0x04c60000)
  from space 512K,   1% used [0x04ce0000, 0x04ce14d0, 0x04d60000)
  to   space 512K,   0% used [0x04c60000, 0x04c60000, 0x04ce0000)
 tenured generation   total 10972K, used 8956K [0x09d50000, 0x0a807000, 0x14800000)
   the space 10972K,  81% used [0x09d50000, 0x0a60f338, 0x0a60f400, 0x0a807000)
 Metaspace       used 1013K, capacity 2823K, committed 2880K, reserved 4480K
Event: 10.327 GC heap after
Heap after GC invocations=32 (full 6):
 def new generation   total 4992K, used 2K [0x04800000, 0x04d60000, 0x09d50000)
  eden space 4480K,   0% used [0x04800000, 0x04800000, 0x04c60000)
  from space 512K,   0% used [0x04c60000, 0x04c60b20, 0x04ce0000)
  to   space 512K,   0% used [0x04ce0000, 0x04ce0000, 0x04d60000)
 tenured generation   total 10972K, used 9856K [0x09d50000, 0x0a807000, 0x14800000)
   the space 10972K,  89% used [0x09d50000, 0x0a6f0348, 0x0a6f0400, 0x0a807000)
 Metaspace       used 1013K, capacity 2823K, committed 2880K, reserved 4480K
}
Event: 10.408 GC heap before
{Heap before GC invocations=32 (full 6):
 def new generation   total 4992K, used 3694K [0x04800000, 0x04d60000, 0x09d50000)
  eden space 4480K,  82% used [0x04800000, 0x04b9afa0, 0x04c60000)
  from space 512K,   0% used [0x04c60000, 0x04c60b20, 0x04ce0000)
  to   space 512K,   0% used [0x04ce0000, 0x04ce0000, 0x04d60000)
 tenured generation   total 10972K, used 9856K [0x09d50000, 0x0a807000, 0x14800000)
   the space 10972K,  89% used [0x09d50000, 0x0a6f0348, 0x0a6f0400, 0x0a807000)
 Metaspace       used 1013K, capacity 2823K, committed 2880K, reserved 4480K
Event: 10.409 GC heap after
Heap after GC invocations=33 (full 6):
 def new generation   total 4992K, used 4K [0x04800000, 0x04d60000, 0x09d50000)
  eden space 4480K,   0% used [0x04800000, 0x04800000, 0x04c60000)
  from space 512K,   0% used [0x04ce0000, 0x04ce1078, 0x04d60000)
  to   space 512K,   0% used [0x04c60000, 0x04c60000, 0x04ce0000)
 tenured generation   total 10972K, used 9856K [0x09d50000, 0x0a807000, 0x14800000)
   the space 10972K,  89% used [0x09d50000, 0x0a6f0348, 0x0a6f0400, 0x0a807000)
 Metaspace       used 1013K, capacity 2823K, committed 2880K, reserved 4480K
}
Event: 10.438 GC heap before
{Heap before GC invocations=33 (full 6):
 def new generation   total 4992K, used 3391K [0x04800000, 0x04d60000, 0x09d50000)
  eden space 4480K,  75% used [0x04800000, 0x04b4ee48, 0x04c60000)
  from space 512K,   0% used [0x04ce0000, 0x04ce1078, 0x04d60000)
  to   space 512K,   0% used [0x04c60000, 0x04c60000, 0x04ce0000)
 tenured generation   total 10972K, used 9856K [0x09d50000, 0x0a807000, 0x14800000)
   the space 10972K,  89% used [0x09d50000, 0x0a6f0348, 0x0a6f0400, 0x0a807000)
 Metaspace       used 1013K, capacity 2823K, committed 2880K, reserved 4480K
Event: 10.449 GC heap after
Heap after GC invocations=34 (full 7):
 def new generation   total 4992K, used 0K [0x04800000, 0x04d60000, 0x09d50000)
  eden space 4480K,   0% used [0x04800000, 0x04800000, 0x04c60000)
  from space 512K,   0% used [0x04c60000, 0x04c60000, 0x04ce0000)
  to   space 512K,   0% used [0x04ce0000, 0x04ce0000, 0x04d60000)
 tenured generation   total 10972K, used 6556K [0x09d50000, 0x0a807000, 0x14800000)
   the space 10972K,  59% used [0x09d50000, 0x0a3b7218, 0x0a3b7400, 0x0a807000)
 Metaspace       used 1013K, capacity 2823K, committed 2880K, reserved 4480K
}
Event: 10.510 GC heap before
{Heap before GC invocations=34 (full 7):
 def new generation   total 4992K, used 3395K [0x04800000, 0x04d60000, 0x09d50000)
  eden space 4480K,  75% used [0x04800000, 0x04b50c30, 0x04c60000)
  from space 512K,   0% used [0x04c60000, 0x04c60000, 0x04ce0000)
  to   space 512K,   0% used [0x04ce0000, 0x04ce0000, 0x04d60000)
 tenured generation   total 10972K, used 6556K [0x09d50000, 0x0a807000, 0x14800000)
   the space 10972K,  59% used [0x09d50000, 0x0a3b7218, 0x0a3b7400, 0x0a807000)
 Metaspace       used 1013K, capacity 2823K, committed 2880K, reserved 4480K
Event: 10.511 GC heap after
Heap after GC invocations=35 (full 7):
 def new generation   total 4992K, used 5K [0x04800000, 0x04d60000, 0x09d50000)
  eden space 4480K,   0% used [0x04800000, 0x04800000, 0x04c60000)
  from space 512K,   1% used [0x04ce0000, 0x04ce1570, 0x04d60000)
  to   space 512K,   0% used [0x04c60000, 0x04c60000, 0x04ce0000)
 tenured generation   total 10972K, used 8956K [0x09d50000, 0x0a807000, 0x14800000)
   the space 10972K,  81% used [0x09d50000, 0x0a60f238, 0x0a60f400, 0x0a807000)
 Metaspace       used 1013K, capacity 2823K, committed 2880K, reserved 4480K
}

Deoptimization events (0 events):
No events

Internal exceptions (10 events):
Event: 0.093 Thread 0x0079c400 Exception <a 'java/security/PrivilegedActionException'> (0x048dcfc8) thrown at [D:\re\puppet\workspace\8-2-build-windows-i586-cygwin\jdk8u60\4407\hotspot\src\share\vm\prims\jvm.cpp, line 1386]
Event: 0.093 Thread 0x0079c400 Exception <a 'java/security/PrivilegedActionException'> (0x048dd1c8) thrown at [D:\re\puppet\workspace\8-2-build-windows-i586-cygwin\jdk8u60\4407\hotspot\src\share\vm\prims\jvm.cpp, line 1386]
Event: 0.094 Thread 0x0079c400 Exception <a 'java/security/PrivilegedActionException'> (0x048e0f88) thrown at [D:\re\puppet\workspace\8-2-build-windows-i586-cygwin\jdk8u60\4407\hotspot\src\share\vm\prims\jvm.cpp, line 1386]
Event: 0.094 Thread 0x0079c400 Exception <a 'java/security/PrivilegedActionException'> (0x048e1188) thrown at [D:\re\puppet\workspace\8-2-build-windows-i586-cygwin\jdk8u60\4407\hotspot\src\share\vm\prims\jvm.cpp, line 1386]
Event: 0.096 Thread 0x0079c400 Exception <a 'java/io/FileNotFoundException'> (0x048fa308) thrown at [D:\re\puppet\workspace\8-2-build-windows-i586-cygwin\jdk8u60\4407\hotspot\src\share\vm\prims\jni.cpp, line 709]
Event: 0.121 Thread 0x0079c400 Exception <a 'java/lang/NoSuchFieldError': method resolution failed> (0x049b5670) thrown at [D:\re\puppet\workspace\8-2-build-windows-i586-cygwin\jdk8u60\4407\hotspot\src\share\vm\prims\methodHandles.cpp, line 1146]
Event: 0.123 Thread 0x0079c400 Exception <a 'java/lang/NoSuchFieldError': method resolution failed> (0x049c1888) thrown at [D:\re\puppet\workspace\8-2-build-windows-i586-cygwin\jdk8u60\4407\hotspot\src\share\vm\prims\methodHandles.cpp, line 1146]
Event: 0.150 Thread 0x15cbbc00 Exception <a 'java/io/FileNotFoundException'> (0x04a7acf8) thrown at [D:\re\puppet\workspace\8-2-build-windows-i586-cygwin\jdk8u60\4407\hotspot\src\share\vm\prims\jni.cpp, line 709]
Event: 0.188 Thread 0x15cbbc00 Exception <a 'java/io/FileNotFoundException'> (0x04b44818) thrown at [D:\re\puppet\workspace\8-2-build-windows-i586-cygwin\jdk8u60\4407\hotspot\src\share\vm\prims\jni.cpp, line 709]
Event: 0.188 Thread 0x15cbbc00 Exception <a 'java/lang/NullPointerException'> (0x04b44e70) thrown at [D:\re\puppet\workspace\8-2-build-windows-i586-cygwin\jdk8u60\4407\hotspot\src\share\vm\interpreter\linkResolver.cpp, line 1178]

Events (10 events):
Event: 13.921 loading class user/UserMenuBar$UserActionListener
Event: 13.921 loading class user/UserMenuBar$UserActionListener done
Event: 13.922 loading class user/UserChatPanel
Event: 13.922 loading class user/UserChatPanel done
Event: 13.923 loading class user/UserLeavePanel
Event: 13.923 loading class user/UserLeavePanel done
Event: 13.938 loading class java/awt/KeyboardFocusManager$2
Event: 13.938 loading class java/awt/KeyboardFocusManager$2 done
Event: 13.938 loading class sun/awt/SunToolkit$1
Event: 13.938 loading class sun/awt/SunToolkit$1 done


Dynamic libraries:
0x01240000 - 0x01273000 	C:\Program Files (x86)\Java\jre1.8.0_60\bin\javaw.exe
0x779f0000 - 0x77b70000 	C:\Windows\SysWOW64\ntdll.dll
0x77480000 - 0x77590000 	C:\Windows\syswow64\kernel32.dll
0x75830000 - 0x75877000 	C:\Windows\syswow64\KERNELBASE.dll
0x75ab0000 - 0x75b50000 	C:\Windows\syswow64\ADVAPI32.dll
0x773d0000 - 0x7747c000 	C:\Windows\syswow64\msvcrt.dll
0x77270000 - 0x77289000 	C:\Windows\SysWOW64\sechost.dll
0x76ee0000 - 0x76fd0000 	C:\Windows\syswow64\RPCRT4.dll
0x75370000 - 0x753d0000 	C:\Windows\syswow64\SspiCli.dll
0x75360000 - 0x7536c000 	C:\Windows\syswow64\CRYPTBASE.dll
0x77170000 - 0x77270000 	C:\Windows\syswow64\USER32.dll
0x760f0000 - 0x76180000 	C:\Windows\syswow64\GDI32.dll
0x75d00000 - 0x75d0a000 	C:\Windows\syswow64\LPK.dll
0x76180000 - 0x7621d000 	C:\Windows\syswow64\USP10.dll
0x71fa0000 - 0x7213e000 	C:\Windows\WinSxS\x86_microsoft.windows.common-controls_6595b64144ccf1df_6.0.7601.18837_none_41e855142bd5705d\COMCTL32.dll
0x77590000 - 0x775e7000 	C:\Windows\syswow64\SHLWAPI.dll
0x76220000 - 0x76280000 	C:\Windows\system32\IMM32.DLL
0x75d90000 - 0x75e5c000 	C:\Windows\syswow64\MSCTF.dll
0x6b490000 - 0x6b54f000 	C:\Program Files (x86)\Java\jre1.8.0_60\bin\msvcr100.dll
0x67c70000 - 0x68035000 	C:\Program Files (x86)\Java\jre1.8.0_60\bin\client\jvm.dll
0x75190000 - 0x75197000 	C:\Windows\system32\WSOCK32.dll
0x760b0000 - 0x760e5000 	C:\Windows\syswow64\WS2_32.dll
0x760a0000 - 0x760a6000 	C:\Windows\syswow64\NSI.dll
0x71e30000 - 0x71e62000 	C:\Windows\system32\WINMM.dll
0x751a0000 - 0x751a9000 	C:\Windows\system32\VERSION.dll
0x77290000 - 0x77295000 	C:\Windows\syswow64\PSAPI.DLL
0x75180000 - 0x7518c000 	C:\Program Files (x86)\Java\jre1.8.0_60\bin\verify.dll
0x74eb0000 - 0x74ed1000 	C:\Program Files (x86)\Java\jre1.8.0_60\bin\java.dll
0x74e90000 - 0x74ea3000 	C:\Program Files (x86)\Java\jre1.8.0_60\bin\zip.dll
0x76280000 - 0x76ecb000 	C:\Windows\syswow64\SHELL32.dll
0x75b90000 - 0x75cec000 	C:\Windows\syswow64\ole32.dll
0x75a60000 - 0x75a6b000 	C:\Windows\syswow64\profapi.dll
0x6b340000 - 0x6b485000 	C:\Program Files (x86)\Java\jre1.8.0_60\bin\awt.dll
0x76010000 - 0x7609f000 	C:\Windows\syswow64\OLEAUT32.dll
0x72240000 - 0x722c0000 	C:\Windows\system32\uxtheme.dll
0x71e10000 - 0x71e23000 	C:\Windows\system32\dwmapi.dll
0x74dc0000 - 0x74df9000 	C:\Program Files (x86)\Java\jre1.8.0_60\bin\fontmanager.dll
0x011c0000 - 0x011ee000 	C:\Windows\system32\ImageSAFERFilter.dll
0x72770000 - 0x727fe000 	C:\Windows\WinSxS\x86_microsoft.vc90.crt_1fc8b3b9a1e18e3b_9.0.30729.4940_none_50916076bcb9a742\MSVCP90.dll
0x73ca0000 - 0x73d43000 	C:\Windows\WinSxS\x86_microsoft.vc90.crt_1fc8b3b9a1e18e3b_9.0.30729.4940_none_50916076bcb9a742\MSVCR90.dll
0x72680000 - 0x7276b000 	C:\Windows\system32\dbghelp.dll
0x72650000 - 0x72671000 	C:\Windows\system32\ntmarta.dll
0x75d10000 - 0x75d55000 	C:\Windows\syswow64\WLDAP32.dll
0x71ca0000 - 0x71ca5000 	C:\Windows\system32\MSIMG32.dll
0x74e70000 - 0x74e85000 	C:\Program Files (x86)\Java\jre1.8.0_60\bin\net.dll
0x72420000 - 0x7245c000 	C:\Windows\system32\mswsock.dll
0x749b0000 - 0x749b6000 	C:\Windows\System32\wship6.dll
0x74db0000 - 0x74dbf000 	C:\Program Files (x86)\Java\jre1.8.0_60\bin\nio.dll
0x74d80000 - 0x74db0000 	C:\Program Files (x86)\Java\jre1.8.0_60\bin\t2k.dll
0x759d0000 - 0x75a53000 	C:\Windows\syswow64\CLBCatQ.DLL
0x72190000 - 0x7221c000 	C:\Windows\system32\ime\imekr8\imkrtip.dll
0x71bc0000 - 0x71c1e000 	C:\Windows\system32\ime\shared\imetip.dll
0x72170000 - 0x72190000 	C:\Windows\system32\ime\imekr8\imkrapi.dll
0x72140000 - 0x72163000 	C:\Windows\system32\ime\shared\imjkapi.dll
0x74e50000 - 0x74e67000 	C:\Windows\system32\CRYPTSP.dll
0x74e10000 - 0x74e4b000 	C:\Windows\system32\rsaenh.dll
0x75e70000 - 0x75e87000 	C:\Windows\syswow64\USERENV.dll
0x72370000 - 0x7238c000 	C:\Windows\system32\IPHLPAPI.DLL
0x72360000 - 0x72367000 	C:\Windows\system32\WINNSI.DLL
0x74990000 - 0x749a2000 	C:\Windows\system32\dhcpcsvc.DLL
0x74920000 - 0x7492d000 	C:\Windows\system32\dhcpcsvc6.DLL
0x15f10000 - 0x15f65000 	C:\Users\hsahn\AppData\Local\Temp\jna2880408324548253019.dll
0x17e70000 - 0x194ac000 	C:\Windows\system32\facesdk.dll
0x6c210000 - 0x6c224000 	C:\Windows\SysWOW64\devenum.dll
0x76fd0000 - 0x7716d000 	C:\Windows\syswow64\setupapi.dll
0x75a80000 - 0x75aa7000 	C:\Windows\syswow64\CFGMGR32.dll
0x755d0000 - 0x755e2000 	C:\Windows\syswow64\DEVOBJ.dll
0x75b60000 - 0x75b8f000 	C:\Windows\syswow64\WINTRUST.dll
0x772a0000 - 0x773c1000 	C:\Windows\syswow64\CRYPT32.dll
0x76ed0000 - 0x76edc000 	C:\Windows\syswow64\MSASN1.dll
0x6c200000 - 0x6c20b000 	C:\Windows\system32\msdmo.dll
0x6b590000 - 0x6b5c2000 	C:\Windows\SysWOW64\qcap.dll
0x74d50000 - 0x74d71000 	C:\Windows\SysWOW64\MSVFW32.dll
0x67af0000 - 0x67c67000 	C:\Windows\SysWOW64\quartz.dll
0x6b0a0000 - 0x6b0d3000 	C:\Windows\SysWOW64\ksproxy.ax
0x6c1f0000 - 0x6c1f4000 	C:\Windows\SysWOW64\ksuser.dll
0x73d70000 - 0x73f33000 	C:\Windows\SysWOW64\d3d9.dll
0x73d60000 - 0x73d66000 	C:\Windows\SysWOW64\d3d8thk.dll
0x6b090000 - 0x6b099000 	C:\Windows\SysWOW64\vidcap.ax
0x6b070000 - 0x6b08d000 	C:\Windows\SysWOW64\kswdmcap.ax
0x6af50000 - 0x6b06c000 	C:\Windows\SysWOW64\MFC42.dll
0x6aec0000 - 0x6af4c000 	C:\Windows\SysWOW64\ODBC32.dll
0x6ae80000 - 0x6aeb8000 	C:\Windows\SysWOW64\odbcint.dll
0x6b2c0000 - 0x6b340000 	C:\Windows\SysWOW64\qedit.dll
0x75f90000 - 0x7600b000 	C:\Windows\syswow64\COMDLG32.dll
0x74f20000 - 0x750b0000 	C:\Windows\WinSxS\x86_microsoft.windows.gdiplus_6595b64144ccf1df_1.1.7601.18946_none_72d45ee78666ea32\gdiplus.dll

VM Arguments:
jvm_args: -Dfile.encoding=MS949 
java_command: main.MainFrame
java_class_path (initial): C:\Users\hsahn\git\JavaProject\Telecommuting\bin;C:\Users\hsahn\git\JavaProject\Telecommuting\lib\mysql-connector-java-5.1.36-bin.jar;C:\Users\hsahn\git\JavaProject\Telecommuting\lib\appframework-1.0.3.jar;C:\Users\hsahn\git\JavaProject\Telecommuting\lib\FaceSDK.jar;C:\Users\hsahn\git\JavaProject\Telecommuting\lib\jna.jar;C:\Users\hsahn\git\JavaProject\Telecommuting\lib\swing-worker-1.1.jar
Launcher Type: SUN_STANDARD

Environment Variables:
JAVA_HOME=C:\Program Files\Java\jdk1.8.0_60
JRE_HOME=C:\Program Files\Java\jdk1.8.0_60\jre
CLASSPATH=.;C:\Program Files (x86)\JMF2.1.1e\lib\sound.jar;C:\Program Files (x86)\JMF2.1.1e\lib\jmf.jar;C:\Program Files (x86)\JMF2.1.1e\lib;
PATH=C:/Program Files/Java/jre1.8.0_60/bin/server;C:/Program Files/Java/jre1.8.0_60/bin;C:/Program Files/Java/jre1.8.0_60/lib/amd64;C:\ProgramData\Oracle\Java\javapath;C:\Program Files (x86)\GnuWin32\bin;C:\Program Files\Dell\DW WLAN Card;C:\Windows\system32;C:\Windows;C:\Windows\System32\Wbem;C:\Windows\System32\WindowsPowerShell\v1.0\;C:\Program Files\WIDCOMM\Bluetooth Software\;C:\Program Files\WIDCOMM\Bluetooth Software\syswow64;C:\Program Files (x86)\Intel\OpenCL SDK\2.0\bin\x86;C:\Program Files (x86)\Intel\OpenCL SDK\2.0\bin\x64;C:\opencv\build\common\tbb\intel64\vc10\;C:\opencv\build\x64\vc10\bin;C:\Program Files\Java\jdk1.8.0_60\bin;D:\Java\lib;D:\Java\lib\facesdk.dll;C:\Users\hsahn\Documents\eclipse-java-luna-SR2-win32-x86_64\eclipse;
USERNAME=hsahn
OS=Windows_NT
PROCESSOR_IDENTIFIER=Intel64 Family 6 Model 58 Stepping 9, GenuineIntel



---------------  S Y S T E M  ---------------

OS: Windows 7 , 64 bit Build 7601 (6.1.7601.18933)

CPU:total 4 (2 cores per cpu, 2 threads per core) family 6 model 58 stepping 9, cmov, cx8, fxsr, mmx, sse, sse2, sse3, ssse3, sse4.1, sse4.2, popcnt, avx, aes, clmul, erms, ht, tsc, tscinvbit, tscinv

Memory: 4k page, physical 4057604k(1855448k free), swap 8113368k(5574548k free)

vm_info: Java HotSpot(TM) Client VM (25.60-b23) for windows-x86 JRE (1.8.0_60-b27), built on Aug  4 2015 10:57:40 by "java_re" with MS VC++ 10.0 (VS2010)

time: Thu Aug 27 21:51:35 2015
elapsed time: 13 seconds (0d 0h 0m 13s)

