#
# A fatal error has been detected by the Java Runtime Environment:
#
#  EXCEPTION_ACCESS_VIOLATION (0xc0000005) at pc=0x778e2312, pid=5812, tid=884
#
# JRE version: Java(TM) SE Runtime Environment (8.0_60-b27) (build 1.8.0_60-b27)
# Java VM: Java HotSpot(TM) Client VM (25.60-b23 mixed mode, sharing windows-x86 )
# Problematic frame:
# C  [ntdll.dll+0x22312]
#
# Failed to write core dump. Minidumps are not enabled by default on client versions of Windows
#
# If you would like to submit a bug report, please visit:
#   http://bugreport.java.com/bugreport/crash.jsp
# The crash happened outside the Java Virtual Machine in native code.
# See problematic frame for where to report the bug.
#

---------------  T H R E A D  ---------------

Current thread (0x15cbe400):  JavaThread "AWT-EventQueue-0" [_thread_in_native, id=884, stack(0x163c0000,0x16410000)]

siginfo: ExceptionCode=0xc0000005, writing address 0x00000004

Registers:
EAX=0x00000004, EBX=0x00000000, ECX=0x00000003, EDX=0x00000000
ESP=0x1640dc50, EBP=0x1640dc64, ESI=0x00000004, EDI=0x00000000
EIP=0x778e2312, EFLAGS=0x00210212

Top of Stack: (sp=0x1640dc50)
0x1640dc50:   1640dd80 00000000 1640dc88 1641c5d4
0x1640dc60:   1640dc9c 1640dc90 18e3f13a 00000000
0x1640dc70:   1640dd80 00000000 00000000 00000000
0x1640dc80:   00000000 1640dd80 1640dca8 1641cb61
0x1640dc90:   1640dca8 1641cb67 169e3e48 00000280
0x1640dca0:   000001e0 00000010 1640dce8 1641c782
0x1640dcb0:   1641c560 1640dcd0 00000010 00000001
0x1640dcc0:   1640df84 18e3f120 1640dce8 1641cae9 

Instructions: (pc=0x778e2312)
0x778e22f2:   33 c0 5e 5d c2 04 00 90 90 90 90 90 90 90 8b ff
0x778e2302:   55 8b ec 83 ec 0c 56 57 8b 7d 08 8d 77 04 8b c6
0x778e2312:   f0 0f ba 30 00 0f 83 4e 02 01 00 64 a1 18 00 00
0x778e2322:   00 8b 48 24 89 4f 0c c7 47 08 01 00 00 00 5f 33 


Register to memory mapping:

EAX=0x00000004 is an unknown value
EBX=0x00000000 is an unknown value
ECX=0x00000003 is an unknown value
EDX=0x00000000 is an unknown value
ESP=0x1640dc50 is pointing into the stack for thread: 0x15cbe400
EBP=0x1640dc64 is pointing into the stack for thread: 0x15cbe400
ESI=0x00000004 is an unknown value
EDI=0x00000000 is an unknown value


Stack: [0x163c0000,0x16410000],  sp=0x1640dc50,  free space=311k
Native frames: (J=compiled Java code, j=interpreted, Vv=VM code, C=native code)
C  [ntdll.dll+0x22312]
C  [facesdk.dll+0x61f13a]
C  [jna3157756381461990423.dll+0xcb67]
C  [jna3157756381461990423.dll+0xc782]
C  [jna3157756381461990423.dll+0x44ae]
C  [jna3157756381461990423.dll+0x4d0e]
j  com.sun.jna.Native.invokeInt(JI[Ljava/lang/Object;)I+0
j  com.sun.jna.Function.invoke([Ljava/lang/Object;Ljava/lang/Class;Z)Ljava/lang/Object;+333
j  com.sun.jna.Function.invoke(Ljava/lang/Class;[Ljava/lang/Object;Ljava/util/Map;)Ljava/lang/Object;+214
j  com.sun.jna.Library$Handler.invoke(Ljava/lang/Object;Ljava/lang/reflect/Method;[Ljava/lang/Object;)Ljava/lang/Object;+341
j  Luxand.$Proxy1.FSDK_SetVideoFormat(Lcom/sun/jna/WString;LLuxand/FSDKCam$FSDK_VideoFormatInfo$ByValue;)I+20
j  Luxand.FSDKCam.SetVideoFormat(Ljava/lang/String;LLuxand/FSDKCam$FSDK_VideoFormatInfo$ByValue;)I+24
j  admin.FaceTrackingView.<init>()V+111
j  admin.AdminRegistPanel.<init>()V+173
j  admin.AdminMenuBar$AdminActionListener.actionPerformed(Ljava/awt/event/ActionEvent;)V+18
j  javax.swing.AbstractButton.fireActionPerformed(Ljava/awt/event/ActionEvent;)V+83
j  javax.swing.AbstractButton$Handler.actionPerformed(Ljava/awt/event/ActionEvent;)V+5
j  javax.swing.DefaultButtonModel.fireActionPerformed(Ljava/awt/event/ActionEvent;)V+34
j  javax.swing.DefaultButtonModel.setPressed(Z)V+117
j  javax.swing.AbstractButton.doClick(I)V+64
j  javax.swing.plaf.basic.BasicMenuItemUI.doClick(Ljavax/swing/MenuSelectionManager;)V+53
j  javax.swing.plaf.basic.BasicMenuItemUI$Handler.mouseReleased(Ljava/awt/event/MouseEvent;)V+76
j  java.awt.Component.processMouseEvent(Ljava/awt/event/MouseEvent;)V+64
j  javax.swing.JComponent.processMouseEvent(Ljava/awt/event/MouseEvent;)V+23
j  java.awt.Component.processEvent(Ljava/awt/AWTEvent;)V+81
j  java.awt.Container.processEvent(Ljava/awt/AWTEvent;)V+18
j  java.awt.Component.dispatchEventImpl(Ljava/awt/AWTEvent;)V+589
j  java.awt.Container.dispatchEventImpl(Ljava/awt/AWTEvent;)V+42
j  java.awt.Component.dispatchEvent(Ljava/awt/AWTEvent;)V+2
j  java.awt.LightweightDispatcher.retargetMouseEvent(Ljava/awt/Component;ILjava/awt/event/MouseEvent;)V+327
j  java.awt.LightweightDispatcher.processMouseEvent(Ljava/awt/event/MouseEvent;)Z+155
j  java.awt.LightweightDispatcher.dispatchEvent(Ljava/awt/AWTEvent;)Z+50
j  java.awt.Container.dispatchEventImpl(Ljava/awt/AWTEvent;)V+12
j  java.awt.Window.dispatchEventImpl(Ljava/awt/AWTEvent;)V+19
j  java.awt.Component.dispatchEvent(Ljava/awt/AWTEvent;)V+2
j  java.awt.EventQueue.dispatchEventImpl(Ljava/awt/AWTEvent;Ljava/lang/Object;)V+41
j  java.awt.EventQueue.access$500(Ljava/awt/EventQueue;Ljava/awt/AWTEvent;Ljava/lang/Object;)V+3
j  java.awt.EventQueue$3.run()Ljava/lang/Void;+32
j  java.awt.EventQueue$3.run()Ljava/lang/Object;+1
v  ~StubRoutines::call_stub
V  [jvm.dll+0x158985]
V  [jvm.dll+0x21df3e]
V  [jvm.dll+0x158a1e]
V  [jvm.dll+0x10934f]
C  [java.dll+0x102f]
j  java.security.ProtectionDomain$JavaSecurityAccessImpl.doIntersectionPrivilege(Ljava/security/PrivilegedAction;Ljava/security/AccessControlContext;Ljava/security/AccessControlContext;)Ljava/lang/Object;+18
j  java.security.ProtectionDomain$JavaSecurityAccessImpl.doIntersectionPrivilege(Ljava/security/PrivilegedAction;Ljava/security/AccessControlContext;)Ljava/lang/Object;+6
j  java.awt.EventQueue$4.run()Ljava/lang/Void;+11
j  java.awt.EventQueue$4.run()Ljava/lang/Object;+1
v  ~StubRoutines::call_stub
V  [jvm.dll+0x158985]
V  [jvm.dll+0x21df3e]
V  [jvm.dll+0x158a1e]
V  [jvm.dll+0x10934f]
C  [java.dll+0x102f]
j  java.security.ProtectionDomain$JavaSecurityAccessImpl.doIntersectionPrivilege(Ljava/security/PrivilegedAction;Ljava/security/AccessControlContext;Ljava/security/AccessControlContext;)Ljava/lang/Object;+18
j  java.awt.EventQueue.dispatchEvent(Ljava/awt/AWTEvent;)V+73
j  java.awt.EventDispatchThread.pumpOneEventForFilters(I)V+245
j  java.awt.EventDispatchThread.pumpEventsForFilter(ILjava/awt/Conditional;Ljava/awt/EventFilter;)V+35
j  java.awt.EventDispatchThread.pumpEventsForHierarchy(ILjava/awt/Conditional;Ljava/awt/Component;)V+11
j  java.awt.EventDispatchThread.pumpEvents(ILjava/awt/Conditional;)V+4
j  java.awt.EventDispatchThread.pumpEvents(Ljava/awt/Conditional;)V+3
j  java.awt.EventDispatchThread.run()V+9
v  ~StubRoutines::call_stub
V  [jvm.dll+0x158985]
V  [jvm.dll+0x21df3e]
V  [jvm.dll+0x158a1e]
V  [jvm.dll+0x158ba6]
V  [jvm.dll+0x158c17]
V  [jvm.dll+0xfd45f]
V  [jvm.dll+0x17bddc]
V  [jvm.dll+0x17beca]
V  [jvm.dll+0x1c0466]
C  [msvcr100.dll+0x5c556]
C  [msvcr100.dll+0x5c600]
C  [kernel32.dll+0x1336a]
C  [ntdll.dll+0x39882]
C  [ntdll.dll+0x39855]
C  0x00000000

Java frames: (J=compiled Java code, j=interpreted, Vv=VM code)
j  com.sun.jna.Native.invokeInt(JI[Ljava/lang/Object;)I+0
j  com.sun.jna.Function.invoke([Ljava/lang/Object;Ljava/lang/Class;Z)Ljava/lang/Object;+333
j  com.sun.jna.Function.invoke(Ljava/lang/Class;[Ljava/lang/Object;Ljava/util/Map;)Ljava/lang/Object;+214
j  com.sun.jna.Library$Handler.invoke(Ljava/lang/Object;Ljava/lang/reflect/Method;[Ljava/lang/Object;)Ljava/lang/Object;+341
j  Luxand.$Proxy1.FSDK_SetVideoFormat(Lcom/sun/jna/WString;LLuxand/FSDKCam$FSDK_VideoFormatInfo$ByValue;)I+20
j  Luxand.FSDKCam.SetVideoFormat(Ljava/lang/String;LLuxand/FSDKCam$FSDK_VideoFormatInfo$ByValue;)I+24
j  admin.FaceTrackingView.<init>()V+111
j  admin.AdminRegistPanel.<init>()V+173
j  admin.AdminMenuBar$AdminActionListener.actionPerformed(Ljava/awt/event/ActionEvent;)V+18
j  javax.swing.AbstractButton.fireActionPerformed(Ljava/awt/event/ActionEvent;)V+83
j  javax.swing.AbstractButton$Handler.actionPerformed(Ljava/awt/event/ActionEvent;)V+5
j  javax.swing.DefaultButtonModel.fireActionPerformed(Ljava/awt/event/ActionEvent;)V+34
j  javax.swing.DefaultButtonModel.setPressed(Z)V+117
j  javax.swing.AbstractButton.doClick(I)V+64
j  javax.swing.plaf.basic.BasicMenuItemUI.doClick(Ljavax/swing/MenuSelectionManager;)V+53
j  javax.swing.plaf.basic.BasicMenuItemUI$Handler.mouseReleased(Ljava/awt/event/MouseEvent;)V+76
j  java.awt.Component.processMouseEvent(Ljava/awt/event/MouseEvent;)V+64
j  javax.swing.JComponent.processMouseEvent(Ljava/awt/event/MouseEvent;)V+23
j  java.awt.Component.processEvent(Ljava/awt/AWTEvent;)V+81
j  java.awt.Container.processEvent(Ljava/awt/AWTEvent;)V+18
j  java.awt.Component.dispatchEventImpl(Ljava/awt/AWTEvent;)V+589
j  java.awt.Container.dispatchEventImpl(Ljava/awt/AWTEvent;)V+42
j  java.awt.Component.dispatchEvent(Ljava/awt/AWTEvent;)V+2
j  java.awt.LightweightDispatcher.retargetMouseEvent(Ljava/awt/Component;ILjava/awt/event/MouseEvent;)V+327
j  java.awt.LightweightDispatcher.processMouseEvent(Ljava/awt/event/MouseEvent;)Z+155
j  java.awt.LightweightDispatcher.dispatchEvent(Ljava/awt/AWTEvent;)Z+50
j  java.awt.Container.dispatchEventImpl(Ljava/awt/AWTEvent;)V+12
j  java.awt.Window.dispatchEventImpl(Ljava/awt/AWTEvent;)V+19
j  java.awt.Component.dispatchEvent(Ljava/awt/AWTEvent;)V+2
j  java.awt.EventQueue.dispatchEventImpl(Ljava/awt/AWTEvent;Ljava/lang/Object;)V+41
j  java.awt.EventQueue.access$500(Ljava/awt/EventQueue;Ljava/awt/AWTEvent;Ljava/lang/Object;)V+3
j  java.awt.EventQueue$3.run()Ljava/lang/Void;+32
j  java.awt.EventQueue$3.run()Ljava/lang/Object;+1
v  ~StubRoutines::call_stub
j  java.security.AccessController.doPrivileged(Ljava/security/PrivilegedAction;Ljava/security/AccessControlContext;)Ljava/lang/Object;+0
j  java.security.ProtectionDomain$JavaSecurityAccessImpl.doIntersectionPrivilege(Ljava/security/PrivilegedAction;Ljava/security/AccessControlContext;Ljava/security/AccessControlContext;)Ljava/lang/Object;+18
j  java.security.ProtectionDomain$JavaSecurityAccessImpl.doIntersectionPrivilege(Ljava/security/PrivilegedAction;Ljava/security/AccessControlContext;)Ljava/lang/Object;+6
j  java.awt.EventQueue$4.run()Ljava/lang/Void;+11
j  java.awt.EventQueue$4.run()Ljava/lang/Object;+1
v  ~StubRoutines::call_stub
j  java.security.AccessController.doPrivileged(Ljava/security/PrivilegedAction;Ljava/security/AccessControlContext;)Ljava/lang/Object;+0
j  java.security.ProtectionDomain$JavaSecurityAccessImpl.doIntersectionPrivilege(Ljava/security/PrivilegedAction;Ljava/security/AccessControlContext;Ljava/security/AccessControlContext;)Ljava/lang/Object;+18
j  java.awt.EventQueue.dispatchEvent(Ljava/awt/AWTEvent;)V+73
j  java.awt.EventDispatchThread.pumpOneEventForFilters(I)V+245
j  java.awt.EventDispatchThread.pumpEventsForFilter(ILjava/awt/Conditional;Ljava/awt/EventFilter;)V+35
j  java.awt.EventDispatchThread.pumpEventsForHierarchy(ILjava/awt/Conditional;Ljava/awt/Component;)V+11
j  java.awt.EventDispatchThread.pumpEvents(ILjava/awt/Conditional;)V+4
j  java.awt.EventDispatchThread.pumpEvents(Ljava/awt/Conditional;)V+3
j  java.awt.EventDispatchThread.run()V+9
v  ~StubRoutines::call_stub

---------------  P R O C E S S  ---------------

Java Threads: ( => current thread )
  0x17c09800 JavaThread "Thread-2" [_thread_in_native, id=3124, stack(0x16cc0000,0x16d10000)]
  0x17c0c400 JavaThread "TimerQueue" daemon [_thread_blocked, id=3472, stack(0x17720000,0x17770000)]
  0x001dc400 JavaThread "DestroyJavaVM" [_thread_blocked, id=2280, stack(0x00770000,0x007c0000)]
=>0x15cbe400 JavaThread "AWT-EventQueue-0" [_thread_in_native, id=884, stack(0x163c0000,0x16410000)]
  0x15cbb400 JavaThread "AWT-Windows" daemon [_thread_in_native, id=4784, stack(0x16300000,0x16350000)]
  0x15cba400 JavaThread "AWT-Shutdown" [_thread_blocked, id=4064, stack(0x16150000,0x161a0000)]
  0x15cb7800 JavaThread "Java2D Disposer" daemon [_thread_blocked, id=3064, stack(0x160e0000,0x16130000)]
  0x00533400 JavaThread "Service Thread" daemon [_thread_blocked, id=5416, stack(0x00270000,0x002c0000)]
  0x00503800 JavaThread "C1 CompilerThread0" daemon [_thread_blocked, id=5052, stack(0x15a30000,0x15a80000)]
  0x00502800 JavaThread "Attach Listener" daemon [_thread_blocked, id=828, stack(0x15b00000,0x15b50000)]
  0x004fb800 JavaThread "Signal Dispatcher" daemon [_thread_blocked, id=5100, stack(0x14780000,0x147d0000)]
  0x00485800 JavaThread "Finalizer" daemon [_thread_blocked, id=3524, stack(0x15980000,0x159d0000)]
  0x00483c00 JavaThread "Reference Handler" daemon [_thread_blocked, id=604, stack(0x15360000,0x153b0000)]

Other Threads:
  0x00480800 VMThread [stack: 0x15260000,0x152b0000] [id=3232]
  0x0053d000 WatcherThread [stack: 0x15f00000,0x15f50000] [id=4252]

VM state:not at safepoint (normal execution)

VM Mutex/Monitor currently owned by a thread: None

Heap:
 def new generation   total 4928K, used 3335K [0x04600000, 0x04b50000, 0x09b50000)
  eden space 4416K,  70% used [0x04600000, 0x049092f8, 0x04a50000)
  from space 512K,  44% used [0x04a50000, 0x04a88ba0, 0x04ad0000)
  to   space 512K,   0% used [0x04ad0000, 0x04ad0000, 0x04b50000)
 tenured generation   total 10944K, used 3781K [0x09b50000, 0x0a600000, 0x14600000)
   the space 10944K,  34% used [0x09b50000, 0x09f01768, 0x09f01800, 0x0a600000)
 Metaspace       used 1036K, capacity 2821K, committed 2880K, reserved 4480K

Card table byte_map: [0x14600000,0x14690000] byte_map_base: 0x145dd000

Polling page: 0x001c0000

CodeCache: size=32768Kb used=1010Kb max_used=1010Kb free=31757Kb
 bounds [0x02580000, 0x02680000, 0x04580000]
 total_blobs=532 nmethods=286 adapters=177
 compilation: enabled

Compilation events (10 events):
Event: 5.088 Thread 0x00503800  283  s          sun.misc.URLClassPath::getNextLoader (88 bytes)
Event: 5.089 Thread 0x00503800 nmethod 283 0x0267af88 code [0x0267b0d0, 0x0267b4c4]
Event: 5.090 Thread 0x00503800  284             sun.misc.URLClassPath::getResource (83 bytes)
Event: 5.090 Thread 0x00503800 nmethod 284 0x0267b808 code [0x0267b930, 0x0267ba54]
Event: 5.090 Thread 0x00503800  285             sun.misc.ProxyGenerator$ConstantPool::getClass (21 bytes)
Event: 5.090 Thread 0x00503800 nmethod 285 0x0267bb48 code [0x0267bc60, 0x0267bdc4]
Event: 5.092 Thread 0x00503800  286             java.lang.Class::getClassLoader0 (5 bytes)
Event: 5.092 Thread 0x00503800 nmethod 286 0x0267bec8 code [0x0267bfc0, 0x0267c040]
Event: 5.174 Thread 0x00503800  287   !         sun.misc.URLClassPath$JarLoader::getResource (85 bytes)
Event: 5.174 Thread 0x00503800 nmethod 287 0x0267c088 code [0x0267c200, 0x0267c5a8]

GC Heap History (4 events):
Event: 0.205 GC heap before
{Heap before GC invocations=0 (full 0):
 def new generation   total 4928K, used 4416K [0x04600000, 0x04b50000, 0x09b50000)
  eden space 4416K, 100% used [0x04600000, 0x04a50000, 0x04a50000)
  from space 512K,   0% used [0x04a50000, 0x04a50000, 0x04ad0000)
  to   space 512K,   0% used [0x04ad0000, 0x04ad0000, 0x04b50000)
 tenured generation   total 10944K, used 0K [0x09b50000, 0x0a600000, 0x14600000)
   the space 10944K,   0% used [0x09b50000, 0x09b50000, 0x09b50200, 0x0a600000)
 Metaspace       used 306K, capacity 2496K, committed 2496K, reserved 4480K
Event: 0.209 GC heap after
Heap after GC invocations=1 (full 0):
 def new generation   total 4928K, used 512K [0x04600000, 0x04b50000, 0x09b50000)
  eden space 4416K,   0% used [0x04600000, 0x04600000, 0x04a50000)
  from space 512K, 100% used [0x04ad0000, 0x04b50000, 0x04b50000)
  to   space 512K,   0% used [0x04a50000, 0x04a50000, 0x04ad0000)
 tenured generation   total 10944K, used 918K [0x09b50000, 0x0a600000, 0x14600000)
   the space 10944K,   8% used [0x09b50000, 0x09c35a98, 0x09c35c00, 0x0a600000)
 Metaspace       used 306K, capacity 2496K, committed 2496K, reserved 4480K
}
Event: 3.453 GC heap before
{Heap before GC invocations=1 (full 0):
 def new generation   total 4928K, used 4928K [0x04600000, 0x04b50000, 0x09b50000)
  eden space 4416K, 100% used [0x04600000, 0x04a50000, 0x04a50000)
  from space 512K, 100% used [0x04ad0000, 0x04b50000, 0x04b50000)
  to   space 512K,   0% used [0x04a50000, 0x04a50000, 0x04ad0000)
 tenured generation   total 10944K, used 918K [0x09b50000, 0x0a600000, 0x14600000)
   the space 10944K,   8% used [0x09b50000, 0x09c35a98, 0x09c35c00, 0x0a600000)
 Metaspace       used 486K, capacity 2533K, committed 2624K, reserved 4480K
Event: 3.461 GC heap after
Heap after GC invocations=2 (full 0):
 def new generation   total 4928K, used 226K [0x04600000, 0x04b50000, 0x09b50000)
  eden space 4416K,   0% used [0x04600000, 0x04600000, 0x04a50000)
  from space 512K,  44% used [0x04a50000, 0x04a88ba0, 0x04ad0000)
  to   space 512K,   0% used [0x04ad0000, 0x04ad0000, 0x04b50000)
 tenured generation   total 10944K, used 3781K [0x09b50000, 0x0a600000, 0x14600000)
   the space 10944K,  34% used [0x09b50000, 0x09f01768, 0x09f01800, 0x0a600000)
 Metaspace       used 486K, capacity 2533K, committed 2624K, reserved 4480K
}

Deoptimization events (0 events):
No events

Internal exceptions (10 events):
Event: 0.074 Thread 0x001dc400 Exception <a 'java/security/PrivilegedActionException'> (0x046dcfc8) thrown at [D:\re\puppet\workspace\8-2-build-windows-i586-cygwin\jdk8u60\4407\hotspot\src\share\vm\prims\jvm.cpp, line 1386]
Event: 0.074 Thread 0x001dc400 Exception <a 'java/security/PrivilegedActionException'> (0x046dd1c8) thrown at [D:\re\puppet\workspace\8-2-build-windows-i586-cygwin\jdk8u60\4407\hotspot\src\share\vm\prims\jvm.cpp, line 1386]
Event: 0.075 Thread 0x001dc400 Exception <a 'java/security/PrivilegedActionException'> (0x046e0f88) thrown at [D:\re\puppet\workspace\8-2-build-windows-i586-cygwin\jdk8u60\4407\hotspot\src\share\vm\prims\jvm.cpp, line 1386]
Event: 0.075 Thread 0x001dc400 Exception <a 'java/security/PrivilegedActionException'> (0x046e1188) thrown at [D:\re\puppet\workspace\8-2-build-windows-i586-cygwin\jdk8u60\4407\hotspot\src\share\vm\prims\jvm.cpp, line 1386]
Event: 0.077 Thread 0x001dc400 Exception <a 'java/io/FileNotFoundException'> (0x046fa308) thrown at [D:\re\puppet\workspace\8-2-build-windows-i586-cygwin\jdk8u60\4407\hotspot\src\share\vm\prims\jni.cpp, line 709]
Event: 0.102 Thread 0x001dc400 Exception <a 'java/lang/NoSuchFieldError': method resolution failed> (0x047b5670) thrown at [D:\re\puppet\workspace\8-2-build-windows-i586-cygwin\jdk8u60\4407\hotspot\src\share\vm\prims\methodHandles.cpp, line 1146]
Event: 0.104 Thread 0x001dc400 Exception <a 'java/lang/NoSuchFieldError': method resolution failed> (0x047c1888) thrown at [D:\re\puppet\workspace\8-2-build-windows-i586-cygwin\jdk8u60\4407\hotspot\src\share\vm\prims\methodHandles.cpp, line 1146]
Event: 0.129 Thread 0x15cbe400 Exception <a 'java/io/FileNotFoundException'> (0x0487acf8) thrown at [D:\re\puppet\workspace\8-2-build-windows-i586-cygwin\jdk8u60\4407\hotspot\src\share\vm\prims\jni.cpp, line 709]
Event: 0.168 Thread 0x15cbe400 Exception <a 'java/io/FileNotFoundException'> (0x04944818) thrown at [D:\re\puppet\workspace\8-2-build-windows-i586-cygwin\jdk8u60\4407\hotspot\src\share\vm\prims\jni.cpp, line 709]
Event: 0.168 Thread 0x15cbe400 Exception <a 'java/lang/NullPointerException'> (0x04944e70) thrown at [D:\re\puppet\workspace\8-2-build-windows-i586-cygwin\jdk8u60\4407\hotspot\src\share\vm\interpreter\linkResolver.cpp, line 1178]

Events (10 events):
Event: 5.172 loading class com/sun/jna/Structure$FFIType
Event: 5.172 loading class com/sun/jna/Structure$FFIType done
Event: 5.173 loading class com/sun/jna/Structure$FFIType$size_t
Event: 5.173 loading class com/sun/jna/Structure$FFIType$size_t done
Event: 5.173 loading class sun/reflect/UnsafeShortFieldAccessorImpl
Event: 5.173 loading class sun/reflect/UnsafeShortFieldAccessorImpl done
Event: 5.174 loading class com/sun/jna/Union
Event: 5.174 loading class com/sun/jna/Union done
Event: 5.174 loading class com/sun/jna/Structure$2$StructureSet
Event: 5.174 loading class com/sun/jna/Structure$2$StructureSet done


Dynamic libraries:
0x00070000 - 0x000a3000 	C:\Program Files (x86)\Java\jre1.8.0_60\bin\javaw.exe
0x778c0000 - 0x77a40000 	C:\Windows\SysWOW64\ntdll.dll
0x76f30000 - 0x77040000 	C:\Windows\syswow64\kernel32.dll
0x754a0000 - 0x754e7000 	C:\Windows\syswow64\KERNELBASE.dll
0x76250000 - 0x762f0000 	C:\Windows\syswow64\ADVAPI32.dll
0x772e0000 - 0x7738c000 	C:\Windows\syswow64\msvcrt.dll
0x76e50000 - 0x76e69000 	C:\Windows\SysWOW64\sechost.dll
0x770a0000 - 0x77190000 	C:\Windows\syswow64\RPCRT4.dll
0x75240000 - 0x752a0000 	C:\Windows\syswow64\SspiCli.dll
0x75230000 - 0x7523c000 	C:\Windows\syswow64\CRYPTBASE.dll
0x76380000 - 0x76480000 	C:\Windows\syswow64\USER32.dll
0x76920000 - 0x769b0000 	C:\Windows\syswow64\GDI32.dll
0x76620000 - 0x7662a000 	C:\Windows\syswow64\LPK.dll
0x76880000 - 0x7691d000 	C:\Windows\syswow64\USP10.dll
0x71f40000 - 0x720de000 	C:\Windows\WinSxS\x86_microsoft.windows.common-controls_6595b64144ccf1df_6.0.7601.18837_none_41e855142bd5705d\COMCTL32.dll
0x76e70000 - 0x76ec7000 	C:\Windows\syswow64\SHLWAPI.dll
0x76ed0000 - 0x76f30000 	C:\Windows\system32\IMM32.DLL
0x76c90000 - 0x76d5c000 	C:\Windows\syswow64\MSCTF.dll
0x71500000 - 0x715bf000 	C:\Program Files (x86)\Java\jre1.8.0_60\bin\msvcr100.dll
0x71130000 - 0x714f5000 	C:\Program Files (x86)\Java\jre1.8.0_60\bin\client\jvm.dll
0x75110000 - 0x75117000 	C:\Windows\system32\WSOCK32.dll
0x761f0000 - 0x76225000 	C:\Windows\syswow64\WS2_32.dll
0x76320000 - 0x76326000 	C:\Windows\syswow64\NSI.dll
0x715c0000 - 0x715f2000 	C:\Windows\system32\WINMM.dll
0x726d0000 - 0x726d9000 	C:\Windows\system32\VERSION.dll
0x77090000 - 0x77095000 	C:\Windows\syswow64\PSAPI.DLL
0x75120000 - 0x7512c000 	C:\Program Files (x86)\Java\jre1.8.0_60\bin\verify.dll
0x74eb0000 - 0x74ed1000 	C:\Program Files (x86)\Java\jre1.8.0_60\bin\java.dll
0x75020000 - 0x75033000 	C:\Program Files (x86)\Java\jre1.8.0_60\bin\zip.dll
0x754f0000 - 0x7613b000 	C:\Windows\syswow64\SHELL32.dll
0x76b30000 - 0x76c8c000 	C:\Windows\syswow64\ole32.dll
0x76330000 - 0x7633b000 	C:\Windows\syswow64\profapi.dll
0x70fe0000 - 0x71125000 	C:\Program Files (x86)\Java\jre1.8.0_60\bin\awt.dll
0x76160000 - 0x761ef000 	C:\Windows\syswow64\OLEAUT32.dll
0x71eb0000 - 0x71f30000 	C:\Windows\system32\uxtheme.dll
0x71610000 - 0x71623000 	C:\Windows\system32\dwmapi.dll
0x74e00000 - 0x74e39000 	C:\Program Files (x86)\Java\jre1.8.0_60\bin\fontmanager.dll
0x00300000 - 0x0032e000 	C:\Windows\system32\ImageSAFERFilter.dll
0x727d0000 - 0x7285e000 	C:\Windows\WinSxS\x86_microsoft.vc90.crt_1fc8b3b9a1e18e3b_9.0.30729.4940_none_50916076bcb9a742\MSVCP90.dll
0x73b80000 - 0x73c23000 	C:\Windows\WinSxS\x86_microsoft.vc90.crt_1fc8b3b9a1e18e3b_9.0.30729.4940_none_50916076bcb9a742\MSVCR90.dll
0x726e0000 - 0x727cb000 	C:\Windows\system32\dbghelp.dll
0x726a0000 - 0x726c1000 	C:\Windows\system32\ntmarta.dll
0x77040000 - 0x77085000 	C:\Windows\syswow64\WLDAP32.dll
0x71f30000 - 0x71f35000 	C:\Windows\system32\MSIMG32.dll
0x75000000 - 0x75015000 	C:\Program Files (x86)\Java\jre1.8.0_60\bin\net.dll
0x72470000 - 0x724ac000 	C:\Windows\system32\mswsock.dll
0x721d0000 - 0x721d6000 	C:\Windows\System32\wship6.dll
0x74e70000 - 0x74e7f000 	C:\Program Files (x86)\Java\jre1.8.0_60\bin\nio.dll
0x74e40000 - 0x74e70000 	C:\Program Files (x86)\Java\jre1.8.0_60\bin\t2k.dll
0x769b0000 - 0x76a33000 	C:\Windows\syswow64\CLBCatQ.DLL
0x68b60000 - 0x68bec000 	C:\Windows\system32\ime\imekr8\imkrtip.dll
0x6ef20000 - 0x6ef7e000 	C:\Windows\system32\ime\shared\imetip.dll
0x68b40000 - 0x68b60000 	C:\Windows\system32\ime\imekr8\imkrapi.dll
0x68b10000 - 0x68b33000 	C:\Windows\system32\ime\shared\imjkapi.dll
0x74950000 - 0x74a81000 	C:\Windows\system32\WindowsCodecs.dll
0x70bb0000 - 0x70bfc000 	C:\Windows\system32\apphelp.dll
0x70ed0000 - 0x70f01000 	C:\Windows\system32\EhStorShell.dll
0x76480000 - 0x7661d000 	C:\Windows\syswow64\SETUPAPI.dll
0x76350000 - 0x76377000 	C:\Windows\syswow64\CFGMGR32.dll
0x76230000 - 0x76242000 	C:\Windows\syswow64\DEVOBJ.dll
0x6bad0000 - 0x6bbc5000 	C:\Windows\system32\PROPSYS.dll
0x68590000 - 0x68600000 	C:\Windows\system32\ntshrui.dll
0x72170000 - 0x72189000 	C:\Windows\system32\srvcli.dll
0x71e50000 - 0x71e5b000 	C:\Windows\system32\cscapi.dll
0x71600000 - 0x7160a000 	C:\Windows\system32\slc.dll
0x70b00000 - 0x70b17000 	C:\Windows\system32\CRYPTSP.dll
0x74f80000 - 0x74fbb000 	C:\Windows\system32\rsaenh.dll
0x76140000 - 0x76157000 	C:\Windows\syswow64\USERENV.dll
0x723c0000 - 0x723dc000 	C:\Windows\system32\IPHLPAPI.DLL
0x723b0000 - 0x723b7000 	C:\Windows\system32\WINNSI.DLL
0x73d20000 - 0x73d32000 	C:\Windows\system32\dhcpcsvc.DLL
0x74fc0000 - 0x74fcd000 	C:\Windows\system32\dhcpcsvc6.DLL
0x16410000 - 0x16465000 	C:\Users\hsahn\AppData\Local\Temp\jna3157756381461990423.dll
0x18820000 - 0x19e5c000 	C:\Windows\system32\facesdk.dll
0x74fe0000 - 0x74ff4000 	C:\Windows\SysWOW64\devenum.dll
0x76af0000 - 0x76b1f000 	C:\Windows\syswow64\WINTRUST.dll
0x77390000 - 0x774b1000 	C:\Windows\syswow64\CRYPT32.dll
0x75490000 - 0x7549c000 	C:\Windows\syswow64\MSASN1.dll
0x74fd0000 - 0x74fdb000 	C:\Windows\system32\msdmo.dll
0x70fa0000 - 0x70fd2000 	C:\Windows\SysWOW64\qcap.dll
0x70ea0000 - 0x70ec1000 	C:\Windows\SysWOW64\MSVFW32.dll
0x66ff0000 - 0x67167000 	C:\Windows\SysWOW64\quartz.dll
0x74f10000 - 0x74f43000 	C:\Windows\SysWOW64\ksproxy.ax
0x74f60000 - 0x74f64000 	C:\Windows\SysWOW64\ksuser.dll
0x68bf0000 - 0x68db3000 	C:\Windows\SysWOW64\d3d9.dll
0x72110000 - 0x72116000 	C:\Windows\SysWOW64\d3d8thk.dll
0x74f00000 - 0x74f09000 	C:\Windows\SysWOW64\vidcap.ax
0x74ee0000 - 0x74efd000 	C:\Windows\SysWOW64\kswdmcap.ax
0x668a0000 - 0x669bc000 	C:\Windows\SysWOW64\MFC42.dll
0x68500000 - 0x6858c000 	C:\Windows\SysWOW64\ODBC32.dll
0x684c0000 - 0x684f8000 	C:\Windows\SysWOW64\odbcint.dll

VM Arguments:
jvm_args: -Dfile.encoding=MS949 
java_command: main.MainFrame
java_class_path (initial): C:\Users\hsahn\git\JavaProject\Telecommuting\bin;C:\Users\hsahn\git\JavaProject\Telecommuting\lib\mysql-connector-java-5.1.36-bin.jar;C:\Users\hsahn\git\JavaProject\Telecommuting\lib\appframework-1.0.3.jar;C:\Users\hsahn\git\JavaProject\Telecommuting\lib\FaceSDK.jar;C:\Users\hsahn\git\JavaProject\Telecommuting\lib\jna.jar;C:\Users\hsahn\git\JavaProject\Telecommuting\lib\swing-worker-1.1.jar
Launcher Type: SUN_STANDARD

Environment Variables:
JAVA_HOME=C:\Program Files\Java\jdk1.8.0_60
JRE_HOME=C:\Program Files\Java\jdk1.8.0_60\jre
CLASSPATH=.;C:\Program Files (x86)\JMF2.1.1e\lib\sound.jar;C:\Program Files (x86)\JMF2.1.1e\lib\jmf.jar;C:\Program Files (x86)\JMF2.1.1e\lib;
PATH=C:/Program Files/Java/jre1.8.0_60/bin/server;C:/Program Files/Java/jre1.8.0_60/bin;C:/Program Files/Java/jre1.8.0_60/lib/amd64;C:\ProgramData\Oracle\Java\javapath;C:\Program Files (x86)\GnuWin32\bin;C:\Program Files\Dell\DW WLAN Card;C:\Windows\system32;C:\Windows;C:\Windows\System32\Wbem;C:\Windows\System32\WindowsPowerShell\v1.0\;C:\Program Files\WIDCOMM\Bluetooth Software\;C:\Program Files\WIDCOMM\Bluetooth Software\syswow64;C:\Program Files (x86)\Intel\OpenCL SDK\2.0\bin\x86;C:\Program Files (x86)\Intel\OpenCL SDK\2.0\bin\x64;C:\opencv\build\common\tbb\intel64\vc10\;C:\opencv\build\x64\vc10\bin;C:\Program Files\Java\jdk1.8.0_60\bin;D:\Java\lib;D:\Java\lib\facesdk.dll;C:\Users\hsahn\Documents\eclipse-java-luna-SR2-win32-x86_64\eclipse;
USERNAME=hsahn
OS=Windows_NT
PROCESSOR_IDENTIFIER=Intel64 Family 6 Model 58 Stepping 9, GenuineIntel



---------------  S Y S T E M  ---------------

OS: Windows 7 , 64 bit Build 7601 (6.1.7601.18933)

CPU:total 4 (2 cores per cpu, 2 threads per core) family 6 model 58 stepping 9, cmov, cx8, fxsr, mmx, sse, sse2, sse3, ssse3, sse4.1, sse4.2, popcnt, avx, aes, clmul, erms, ht, tsc, tscinvbit, tscinv

Memory: 4k page, physical 4057604k(1681988k free), swap 8113368k(5286944k free)

vm_info: Java HotSpot(TM) Client VM (25.60-b23) for windows-x86 JRE (1.8.0_60-b27), built on Aug  4 2015 10:57:40 by "java_re" with MS VC++ 10.0 (VS2010)

time: Thu Aug 27 16:14:00 2015
elapsed time: 5 seconds (0d 0h 0m 5s)

