#
# A fatal error has been detected by the Java Runtime Environment:
#
#  EXCEPTION_ACCESS_VIOLATION (0xc0000005) at pc=0x76f5d968, pid=4508, tid=1588
#
# JRE version: Java(TM) SE Runtime Environment (8.0_60-b27) (build 1.8.0_60-b27)
# Java VM: Java HotSpot(TM) Client VM (25.60-b23 mixed mode, sharing windows-x86 )
# Problematic frame:
# C  [ntdll.dll+0x3d968]
#
# Failed to write core dump. Minidumps are not enabled by default on client versions of Windows
#
# If you would like to submit a bug report, please visit:
#   http://bugreport.java.com/bugreport/crash.jsp
# The crash happened outside the Java Virtual Machine in native code.
# See problematic frame for where to report the bug.
#

---------------  T H R E A D  ---------------

Current thread (0x15c34000):  JavaThread "AWT-EventQueue-0" [_thread_in_native, id=1588, stack(0x15e80000,0x15ed0000)]

siginfo: ExceptionCode=0xc0000005, writing address 0x0000005a

Registers:
EAX=0x00000046, EBX=0xfffffffc, ECX=0x00000000, EDX=0x00000004
ESP=0x15ece70c, EBP=0x15ece75c, ESI=0x195e4008, EDI=0x195e400c
EIP=0x76f5d968, EFLAGS=0x00010217

Top of Stack: (sp=0x15ece70c)
0x15ece70c:   195e4008 195e400c 00000000 0b3a3052
0x15ece71c:   15ece750 6f2f6db3 00000000 00970000
0x15ece72c:   17bb5130 15ece764 6f2f6db3 003a002c
0x15ece73c:   0b3a3052 15c163c0 15c34000 00000000
0x15ece74c:   00000000 00000000 7ef81000 000003fc
0x15ece75c:   15ece784 76f5d877 00000000 00000000
0x15ece76c:   00000000 00000000 195e4008 00000004
0x15ece77c:   00000000 00000001 15ece7f8 17f8c941 

Instructions: (pc=0x76f5d968)
0x76f5d948:   c2 8b d8 8b c1 f0 0f b1 1f 3b c1 0f 85 b1 03 00
0x76f5d958:   00 33 c0 89 45 0c 89 45 08 8b 06 83 f8 ff 74 03
0x76f5d968:   ff 40 14 8b 5d f4 8b 7d f0 80 3d 82 03 fe 7f 00
0x76f5d978:   0f 85 cf 50 04 00 8b 45 fc 57 6a 00 83 f8 ff 0f 


Register to memory mapping:

EAX=0x00000046 is an unknown value
EBX=0xfffffffc is an unknown value
ECX=0x00000000 is an unknown value
EDX=0x00000004 is an unknown value
ESP=0x15ece70c is pointing into the stack for thread: 0x15c34000
EBP=0x15ece75c is pointing into the stack for thread: 0x15c34000
ESI=0x195e4008 is an unknown value
EDI=0x195e400c is an unknown value


Stack: [0x15e80000,0x15ed0000],  sp=0x15ece70c,  free space=313k
Native frames: (J=compiled Java code, j=interpreted, Vv=VM code, C=native code)
C  [ntdll.dll+0x3d968]
C  [ntdll.dll+0x3d877]
C  [facesdk.dll+0xc941]
C  [jna7002406044302752597.dll+0xcb67]
C  [jna7002406044302752597.dll+0xc782]
C  [jna7002406044302752597.dll+0x44ae]
C  [jna7002406044302752597.dll+0x4d0e]
j  com.sun.jna.Native.invokeInt(JI[Ljava/lang/Object;)I+0
j  com.sun.jna.Function.invoke([Ljava/lang/Object;Ljava/lang/Class;Z)Ljava/lang/Object;+333
J 269 C1 com.sun.jna.Function.invoke(Ljava/lang/Class;[Ljava/lang/Object;Ljava/util/Map;)Ljava/lang/Object; (526 bytes) @ 0x0269e154 [0x0269dcd0+0x484]
j  com.sun.jna.Library$Handler.invoke(Ljava/lang/Object;Ljava/lang/reflect/Method;[Ljava/lang/Object;)Ljava/lang/Object;+341
j  Luxand.$Proxy1.FSDK_GrabFrame(ILcom/sun/jna/ptr/IntByReference;)I+23
j  Luxand.FSDKCam.GrabFrame(LLuxand/FSDKCam$HCamera;LLuxand/FSDK$HImage;)I+16
j  admin.FaceTrackingView$1.actionPerformed(Ljava/awt/event/ActionEvent;)V+16
j  javax.swing.Timer.fireActionPerformed(Ljava/awt/event/ActionEvent;)V+34
j  javax.swing.Timer$DoPostEvent.run()V+74
j  java.awt.event.InvocationEvent.dispatch()V+47
j  java.awt.EventQueue.dispatchEventImpl(Ljava/awt/AWTEvent;Ljava/lang/Object;)V+21
j  java.awt.EventQueue.access$500(Ljava/awt/EventQueue;Ljava/awt/AWTEvent;Ljava/lang/Object;)V+3
j  java.awt.EventQueue$3.run()Ljava/lang/Void;+32
j  java.awt.EventQueue$3.run()Ljava/lang/Object;+1
v  ~StubRoutines::call_stub
V  [jvm.dll+0x158985]
V  [jvm.dll+0x21df3e]
V  [jvm.dll+0x158a1e]
V  [jvm.dll+0x10934f]
C  [java.dll+0x102f]
j  java.security.ProtectionDomain$JavaSecurityAccessImpl.doIntersectionPrivilege(Ljava/security/PrivilegedAction;Ljava/security/AccessControlContext;Ljava/security/AccessControlContext;)Ljava/lang/Object;+18
j  java.awt.EventQueue.dispatchEvent(Ljava/awt/AWTEvent;)V+46
j  java.awt.EventDispatchThread.pumpOneEventForFilters(I)V+245
j  java.awt.EventDispatchThread.pumpEventsForFilter(ILjava/awt/Conditional;Ljava/awt/EventFilter;)V+35
j  java.awt.EventDispatchThread.pumpEventsForHierarchy(ILjava/awt/Conditional;Ljava/awt/Component;)V+11
j  java.awt.EventDispatchThread.pumpEvents(ILjava/awt/Conditional;)V+4
j  java.awt.EventDispatchThread.pumpEvents(Ljava/awt/Conditional;)V+3
j  java.awt.EventDispatchThread.run()V+9
v  ~StubRoutines::call_stub
V  [jvm.dll+0x158985]
V  [jvm.dll+0x21df3e]
V  [jvm.dll+0x158a1e]
V  [jvm.dll+0x158ba6]
V  [jvm.dll+0x158c17]
V  [jvm.dll+0xfd45f]
V  [jvm.dll+0x17bddc]
V  [jvm.dll+0x17beca]
V  [jvm.dll+0x1c0466]
C  [msvcr100.dll+0x5c556]
C  [msvcr100.dll+0x5c600]
C  [kernel32.dll+0x1336a]
C  [ntdll.dll+0x39882]
C  [ntdll.dll+0x39855]
C  0x00000000

Java frames: (J=compiled Java code, j=interpreted, Vv=VM code)
j  com.sun.jna.Native.invokeInt(JI[Ljava/lang/Object;)I+0
j  com.sun.jna.Function.invoke([Ljava/lang/Object;Ljava/lang/Class;Z)Ljava/lang/Object;+333
J 269 C1 com.sun.jna.Function.invoke(Ljava/lang/Class;[Ljava/lang/Object;Ljava/util/Map;)Ljava/lang/Object; (526 bytes) @ 0x0269e154 [0x0269dcd0+0x484]
j  com.sun.jna.Library$Handler.invoke(Ljava/lang/Object;Ljava/lang/reflect/Method;[Ljava/lang/Object;)Ljava/lang/Object;+341
j  Luxand.$Proxy1.FSDK_GrabFrame(ILcom/sun/jna/ptr/IntByReference;)I+23
j  Luxand.FSDKCam.GrabFrame(LLuxand/FSDKCam$HCamera;LLuxand/FSDK$HImage;)I+16
j  admin.FaceTrackingView$1.actionPerformed(Ljava/awt/event/ActionEvent;)V+16
j  javax.swing.Timer.fireActionPerformed(Ljava/awt/event/ActionEvent;)V+34
j  javax.swing.Timer$DoPostEvent.run()V+74
j  java.awt.event.InvocationEvent.dispatch()V+47
j  java.awt.EventQueue.dispatchEventImpl(Ljava/awt/AWTEvent;Ljava/lang/Object;)V+21
j  java.awt.EventQueue.access$500(Ljava/awt/EventQueue;Ljava/awt/AWTEvent;Ljava/lang/Object;)V+3
j  java.awt.EventQueue$3.run()Ljava/lang/Void;+32
j  java.awt.EventQueue$3.run()Ljava/lang/Object;+1
v  ~StubRoutines::call_stub
j  java.security.AccessController.doPrivileged(Ljava/security/PrivilegedAction;Ljava/security/AccessControlContext;)Ljava/lang/Object;+0
j  java.security.ProtectionDomain$JavaSecurityAccessImpl.doIntersectionPrivilege(Ljava/security/PrivilegedAction;Ljava/security/AccessControlContext;Ljava/security/AccessControlContext;)Ljava/lang/Object;+18
j  java.awt.EventQueue.dispatchEvent(Ljava/awt/AWTEvent;)V+46
j  java.awt.EventDispatchThread.pumpOneEventForFilters(I)V+245
j  java.awt.EventDispatchThread.pumpEventsForFilter(ILjava/awt/Conditional;Ljava/awt/EventFilter;)V+35
j  java.awt.EventDispatchThread.pumpEventsForHierarchy(ILjava/awt/Conditional;Ljava/awt/Component;)V+11
j  java.awt.EventDispatchThread.pumpEvents(ILjava/awt/Conditional;)V+4
j  java.awt.EventDispatchThread.pumpEvents(Ljava/awt/Conditional;)V+3
j  java.awt.EventDispatchThread.run()V+9
v  ~StubRoutines::call_stub

---------------  P R O C E S S  ---------------

Java Threads: ( => current thread )
  0x17babc00 JavaThread "TimerQueue" daemon [_thread_blocked, id=4912, stack(0x1c640000,0x1c690000)]
  0x0097c400 JavaThread "DestroyJavaVM" [_thread_blocked, id=4500, stack(0x00910000,0x00960000)]
=>0x15c34000 JavaThread "AWT-EventQueue-0" [_thread_in_native, id=1588, stack(0x15e80000,0x15ed0000)]
  0x15c31800 JavaThread "AWT-Windows" daemon [_thread_in_native, id=4196, stack(0x16350000,0x163a0000)]
  0x15c30400 JavaThread "AWT-Shutdown" [_thread_blocked, id=2292, stack(0x16230000,0x16280000)]
  0x15c2dc00 JavaThread "Java2D Disposer" daemon [_thread_blocked, id=4688, stack(0x16160000,0x161b0000)]
  0x004ba400 JavaThread "Service Thread" daemon [_thread_blocked, id=3740, stack(0x15b50000,0x15ba0000)]
  0x0047f800 JavaThread "C1 CompilerThread0" daemon [_thread_blocked, id=2856, stack(0x15a10000,0x15a60000)]
  0x0047e800 JavaThread "Attach Listener" daemon [_thread_blocked, id=2076, stack(0x15990000,0x159e0000)]
  0x0047b800 JavaThread "Signal Dispatcher" daemon [_thread_blocked, id=3228, stack(0x152c0000,0x15310000)]
  0x00409000 JavaThread "Finalizer" daemon [_thread_blocked, id=1824, stack(0x15380000,0x153d0000)]
  0x00403c00 JavaThread "Reference Handler" daemon [_thread_blocked, id=4652, stack(0x146e0000,0x14730000)]

Other Threads:
  0x00400800 VMThread [stack: 0x14770000,0x147c0000] [id=3976]
  0x004bc000 WatcherThread [stack: 0x15250000,0x152a0000] [id=4016]

VM state:not at safepoint (normal execution)

VM Mutex/Monitor currently owned by a thread: None

Heap:
 def new generation   total 4992K, used 2682K [0x04600000, 0x04b60000, 0x09b50000)
  eden space 4480K,  59% used [0x04600000, 0x0489d620, 0x04a60000)
  from space 512K,   0% used [0x04ae0000, 0x04ae13f8, 0x04b60000)
  to   space 512K,   0% used [0x04a60000, 0x04a60000, 0x04ae0000)
 tenured generation   total 10948K, used 8940K [0x09b50000, 0x0a601000, 0x14600000)
   the space 10948K,  81% used [0x09b50000, 0x0a40b208, 0x0a40b400, 0x0a601000)
 Metaspace       used 1029K, capacity 2855K, committed 2880K, reserved 4480K

Card table byte_map: [0x00a60000,0x00af0000] byte_map_base: 0x00a3d000

Polling page: 0x001f0000

CodeCache: size=32768Kb used=1045Kb max_used=1045Kb free=31722Kb
 bounds [0x025a0000, 0x026a8000, 0x045a0000]
 total_blobs=532 nmethods=288 adapters=175
 compilation: enabled

Compilation events (10 events):
Event: 9.583 Thread 0x0047f800  287             java.util.IdentityHashMap::isEmpty (13 bytes)
Event: 9.583 Thread 0x0047f800 nmethod 287 0x026a4888 code [0x026a4980, 0x026a4a10]
Event: 10.642 Thread 0x0047f800  288             java.util.concurrent.locks.ReentrantLock$Sync::tryRelease (45 bytes)
Event: 10.642 Thread 0x0047f800 nmethod 288 0x026a4a48 code [0x026a4b50, 0x026a4c8c]
Event: 11.799 Thread 0x0047f800  289             sun.awt.SunToolkit::isInstanceOf (71 bytes)
Event: 11.800 Thread 0x0047f800 nmethod 289 0x026a4d08 code [0x026a4e60, 0x026a5054]
Event: 11.800 Thread 0x0047f800  290             java.awt.Component::getParent (5 bytes)
Event: 11.801 Thread 0x0047f800 nmethod 290 0x026a52c8 code [0x026a53c0, 0x026a5440]
Event: 11.801 Thread 0x0047f800  291             java.util.AbstractCollection::<init> (5 bytes)
Event: 11.801 Thread 0x0047f800 nmethod 291 0x026a5488 code [0x026a5580, 0x026a5600]

GC Heap History (10 events):
Event: 8.213 GC heap before
{Heap before GC invocations=42 (full 9):
 def new generation   total 4992K, used 3389K [0x04600000, 0x04b60000, 0x09b50000)
  eden space 4480K,  75% used [0x04600000, 0x0494f708, 0x04a60000)
  from space 512K,   0% used [0x04a60000, 0x04a60000, 0x04ae0000)
  to   space 512K,   0% used [0x04ae0000, 0x04ae0000, 0x04b60000)
 tenured generation   total 10948K, used 6540K [0x09b50000, 0x0a601000, 0x14600000)
   the space 10948K,  59% used [0x09b50000, 0x0a1b3018, 0x0a1b3200, 0x0a601000)
 Metaspace       used 1007K, capacity 2823K, committed 2880K, reserved 4480K
Event: 8.214 GC heap after
Heap after GC invocations=43 (full 9):
 def new generation   total 4992K, used 4K [0x04600000, 0x04b60000, 0x09b50000)
  eden space 4480K,   0% used [0x04600000, 0x04600000, 0x04a60000)
  from space 512K,   0% used [0x04ae0000, 0x04ae13f8, 0x04b60000)
  to   space 512K,   0% used [0x04a60000, 0x04a60000, 0x04ae0000)
 tenured generation   total 10948K, used 8940K [0x09b50000, 0x0a601000, 0x14600000)
   the space 10948K,  81% used [0x09b50000, 0x0a40b038, 0x0a40b200, 0x0a601000)
 Metaspace       used 1007K, capacity 2823K, committed 2880K, reserved 4480K
}
Event: 8.237 GC heap before
{Heap before GC invocations=43 (full 9):
 def new generation   total 4992K, used 3396K [0x04600000, 0x04b60000, 0x09b50000)
  eden space 4480K,  75% used [0x04600000, 0x0494ff60, 0x04a60000)
  from space 512K,   0% used [0x04ae0000, 0x04ae13f8, 0x04b60000)
  to   space 512K,   0% used [0x04a60000, 0x04a60000, 0x04ae0000)
 tenured generation   total 10948K, used 8940K [0x09b50000, 0x0a601000, 0x14600000)
   the space 10948K,  81% used [0x09b50000, 0x0a40b038, 0x0a40b200, 0x0a601000)
 Metaspace       used 1008K, capacity 2823K, committed 2880K, reserved 4480K
Event: 8.237 GC heap after
Heap after GC invocations=44 (full 9):
 def new generation   total 4992K, used 2K [0x04600000, 0x04b60000, 0x09b50000)
  eden space 4480K,   0% used [0x04600000, 0x04600000, 0x04a60000)
  from space 512K,   0% used [0x04a60000, 0x04a60b48, 0x04ae0000)
  to   space 512K,   0% used [0x04ae0000, 0x04ae0000, 0x04b60000)
 tenured generation   total 10948K, used 9840K [0x09b50000, 0x0a601000, 0x14600000)
   the space 10948K,  89% used [0x09b50000, 0x0a4ec048, 0x0a4ec200, 0x0a601000)
 Metaspace       used 1008K, capacity 2823K, committed 2880K, reserved 4480K
}
Event: 8.278 GC heap before
{Heap before GC invocations=44 (full 9):
 def new generation   total 4992K, used 3692K [0x04600000, 0x04b60000, 0x09b50000)
  eden space 4480K,  82% used [0x04600000, 0x0499a6b8, 0x04a60000)
  from space 512K,   0% used [0x04a60000, 0x04a60b48, 0x04ae0000)
  to   space 512K,   0% used [0x04ae0000, 0x04ae0000, 0x04b60000)
 tenured generation   total 10948K, used 9840K [0x09b50000, 0x0a601000, 0x14600000)
   the space 10948K,  89% used [0x09b50000, 0x0a4ec048, 0x0a4ec200, 0x0a601000)
 Metaspace       used 1008K, capacity 2823K, committed 2880K, reserved 4480K
Event: 8.279 GC heap after
Heap after GC invocations=45 (full 9):
 def new generation   total 4992K, used 3K [0x04600000, 0x04b60000, 0x09b50000)
  eden space 4480K,   0% used [0x04600000, 0x04600000, 0x04a60000)
  from space 512K,   0% used [0x04ae0000, 0x04ae0f80, 0x04b60000)
  to   space 512K,   0% used [0x04a60000, 0x04a60000, 0x04ae0000)
 tenured generation   total 10948K, used 9840K [0x09b50000, 0x0a601000, 0x14600000)
   the space 10948K,  89% used [0x09b50000, 0x0a4ec048, 0x0a4ec200, 0x0a601000)
 Metaspace       used 1008K, capacity 2823K, committed 2880K, reserved 4480K
}
Event: 8.296 GC heap before
{Heap before GC invocations=45 (full 9):
 def new generation   total 4992K, used 3391K [0x04600000, 0x04b60000, 0x09b50000)
  eden space 4480K,  75% used [0x04600000, 0x0494eea0, 0x04a60000)
  from space 512K,   0% used [0x04ae0000, 0x04ae0f80, 0x04b60000)
  to   space 512K,   0% used [0x04a60000, 0x04a60000, 0x04ae0000)
 tenured generation   total 10948K, used 9840K [0x09b50000, 0x0a601000, 0x14600000)
   the space 10948K,  89% used [0x09b50000, 0x0a4ec048, 0x0a4ec200, 0x0a601000)
 Metaspace       used 1008K, capacity 2823K, committed 2880K, reserved 4480K
Event: 8.303 GC heap after
Heap after GC invocations=46 (full 10):
 def new generation   total 4992K, used 0K [0x04600000, 0x04b60000, 0x09b50000)
  eden space 4480K,   0% used [0x04600000, 0x04600000, 0x04a60000)
  from space 512K,   0% used [0x04a60000, 0x04a60000, 0x04ae0000)
  to   space 512K,   0% used [0x04ae0000, 0x04ae0000, 0x04b60000)
 tenured generation   total 10948K, used 6540K [0x09b50000, 0x0a601000, 0x14600000)
   the space 10948K,  59% used [0x09b50000, 0x0a1b31e8, 0x0a1b3200, 0x0a601000)
 Metaspace       used 1008K, capacity 2823K, committed 2880K, reserved 4480K
}
Event: 8.333 GC heap before
{Heap before GC invocations=46 (full 10):
 def new generation   total 4992K, used 3389K [0x04600000, 0x04b60000, 0x09b50000)
  eden space 4480K,  75% used [0x04600000, 0x0494f738, 0x04a60000)
  from space 512K,   0% used [0x04a60000, 0x04a60000, 0x04ae0000)
  to   space 512K,   0% used [0x04ae0000, 0x04ae0000, 0x04b60000)
 tenured generation   total 10948K, used 6540K [0x09b50000, 0x0a601000, 0x14600000)
   the space 10948K,  59% used [0x09b50000, 0x0a1b31e8, 0x0a1b3200, 0x0a601000)
 Metaspace       used 1008K, capacity 2823K, committed 2880K, reserved 4480K
Event: 8.335 GC heap after
Heap after GC invocations=47 (full 10):
 def new generation   total 4992K, used 4K [0x04600000, 0x04b60000, 0x09b50000)
  eden space 4480K,   0% used [0x04600000, 0x04600000, 0x04a60000)
  from space 512K,   0% used [0x04ae0000, 0x04ae13f8, 0x04b60000)
  to   space 512K,   0% used [0x04a60000, 0x04a60000, 0x04ae0000)
 tenured generation   total 10948K, used 8940K [0x09b50000, 0x0a601000, 0x14600000)
   the space 10948K,  81% used [0x09b50000, 0x0a40b208, 0x0a40b400, 0x0a601000)
 Metaspace       used 1008K, capacity 2823K, committed 2880K, reserved 4480K
}

Deoptimization events (0 events):
No events

Internal exceptions (10 events):
Event: 0.156 Thread 0x0097c400 Exception <a 'java/security/PrivilegedActionException'> (0x046dcfc8) thrown at [D:\re\puppet\workspace\8-2-build-windows-i586-cygwin\jdk8u60\4407\hotspot\src\share\vm\prims\jvm.cpp, line 1386]
Event: 0.156 Thread 0x0097c400 Exception <a 'java/security/PrivilegedActionException'> (0x046dd1c8) thrown at [D:\re\puppet\workspace\8-2-build-windows-i586-cygwin\jdk8u60\4407\hotspot\src\share\vm\prims\jvm.cpp, line 1386]
Event: 0.157 Thread 0x0097c400 Exception <a 'java/security/PrivilegedActionException'> (0x046e0f88) thrown at [D:\re\puppet\workspace\8-2-build-windows-i586-cygwin\jdk8u60\4407\hotspot\src\share\vm\prims\jvm.cpp, line 1386]
Event: 0.157 Thread 0x0097c400 Exception <a 'java/security/PrivilegedActionException'> (0x046e1188) thrown at [D:\re\puppet\workspace\8-2-build-windows-i586-cygwin\jdk8u60\4407\hotspot\src\share\vm\prims\jvm.cpp, line 1386]
Event: 0.159 Thread 0x0097c400 Exception <a 'java/io/FileNotFoundException'> (0x046fa308) thrown at [D:\re\puppet\workspace\8-2-build-windows-i586-cygwin\jdk8u60\4407\hotspot\src\share\vm\prims\jni.cpp, line 709]
Event: 0.183 Thread 0x0097c400 Exception <a 'java/lang/NoSuchFieldError': method resolution failed> (0x047b5670) thrown at [D:\re\puppet\workspace\8-2-build-windows-i586-cygwin\jdk8u60\4407\hotspot\src\share\vm\prims\methodHandles.cpp, line 1146]
Event: 0.185 Thread 0x0097c400 Exception <a 'java/lang/NoSuchFieldError': method resolution failed> (0x047c1888) thrown at [D:\re\puppet\workspace\8-2-build-windows-i586-cygwin\jdk8u60\4407\hotspot\src\share\vm\prims\methodHandles.cpp, line 1146]
Event: 0.211 Thread 0x15c34000 Exception <a 'java/io/FileNotFoundException'> (0x0487acf8) thrown at [D:\re\puppet\workspace\8-2-build-windows-i586-cygwin\jdk8u60\4407\hotspot\src\share\vm\prims\jni.cpp, line 709]
Event: 0.249 Thread 0x15c34000 Exception <a 'java/io/FileNotFoundException'> (0x04944818) thrown at [D:\re\puppet\workspace\8-2-build-windows-i586-cygwin\jdk8u60\4407\hotspot\src\share\vm\prims\jni.cpp, line 709]
Event: 0.249 Thread 0x15c34000 Exception <a 'java/lang/NullPointerException'> (0x04944e70) thrown at [D:\re\puppet\workspace\8-2-build-windows-i586-cygwin\jdk8u60\4407\hotspot\src\share\vm\interpreter\linkResolver.cpp, line 1178]

Events (10 events):
Event: 11.742 loading class java/net/SocketOutputStream
Event: 11.742 loading class java/net/SocketOutputStream done
Event: 11.772 loading class user/UserMenuBar$UserActionListener
Event: 11.772 loading class user/UserMenuBar$UserActionListener done
Event: 11.773 loading class user/UserChatPanel
Event: 11.773 loading class user/UserChatPanel done
Event: 11.774 loading class user/UserLeavePanel
Event: 11.774 loading class user/UserLeavePanel done
Event: 11.801 loading class java/awt/KeyboardFocusManager$2
Event: 11.801 loading class java/awt/KeyboardFocusManager$2 done


Dynamic libraries:
0x00b20000 - 0x00b53000 	C:\Program Files (x86)\Java\jre1.8.0_60\bin\javaw.exe
0x76f20000 - 0x770a0000 	C:\Windows\SysWOW64\ntdll.dll
0x74900000 - 0x74a10000 	C:\Windows\syswow64\kernel32.dll
0x76780000 - 0x767c7000 	C:\Windows\syswow64\KERNELBASE.dll
0x76440000 - 0x764e0000 	C:\Windows\syswow64\ADVAPI32.dll
0x765c0000 - 0x7666c000 	C:\Windows\syswow64\msvcrt.dll
0x76210000 - 0x76229000 	C:\Windows\SysWOW64\sechost.dll
0x75490000 - 0x75580000 	C:\Windows\syswow64\RPCRT4.dll
0x748a0000 - 0x74900000 	C:\Windows\syswow64\SspiCli.dll
0x74890000 - 0x7489c000 	C:\Windows\syswow64\CRYPTBASE.dll
0x74d60000 - 0x74e60000 	C:\Windows\syswow64\USER32.dll
0x76690000 - 0x76720000 	C:\Windows\syswow64\GDI32.dll
0x76b00000 - 0x76b0a000 	C:\Windows\syswow64\LPK.dll
0x750e0000 - 0x7517d000 	C:\Windows\syswow64\USP10.dll
0x71200000 - 0x7139e000 	C:\Windows\WinSxS\x86_microsoft.windows.common-controls_6595b64144ccf1df_6.0.7601.18837_none_41e855142bd5705d\COMCTL32.dll
0x76720000 - 0x76777000 	C:\Windows\syswow64\SHLWAPI.dll
0x763e0000 - 0x76440000 	C:\Windows\system32\IMM32.DLL
0x764e0000 - 0x765ac000 	C:\Windows\syswow64\MSCTF.dll
0x73450000 - 0x7350f000 	C:\Program Files (x86)\Java\jre1.8.0_60\bin\msvcr100.dll
0x6f2f0000 - 0x6f6b5000 	C:\Program Files (x86)\Java\jre1.8.0_60\bin\client\jvm.dll
0x743a0000 - 0x743a7000 	C:\Windows\system32\WSOCK32.dll
0x75420000 - 0x75455000 	C:\Windows\syswow64\WS2_32.dll
0x75330000 - 0x75336000 	C:\Windows\syswow64\NSI.dll
0x71090000 - 0x710c2000 	C:\Windows\system32\WINMM.dll
0x73280000 - 0x73289000 	C:\Windows\system32\VERSION.dll
0x76ef0000 - 0x76ef5000 	C:\Windows\syswow64\PSAPI.DLL
0x73da0000 - 0x73dac000 	C:\Program Files (x86)\Java\jre1.8.0_60\bin\verify.dll
0x73420000 - 0x73441000 	C:\Program Files (x86)\Java\jre1.8.0_60\bin\java.dll
0x71770000 - 0x71783000 	C:\Program Files (x86)\Java\jre1.8.0_60\bin\zip.dll
0x75590000 - 0x761db000 	C:\Windows\syswow64\SHELL32.dll
0x76260000 - 0x763bc000 	C:\Windows\syswow64\ole32.dll
0x76230000 - 0x7623b000 	C:\Windows\syswow64\profapi.dll
0x70a40000 - 0x70b85000 	C:\Program Files (x86)\Java\jre1.8.0_60\bin\awt.dll
0x75050000 - 0x750df000 	C:\Windows\syswow64\OLEAUT32.dll
0x717b0000 - 0x71830000 	C:\Windows\system32\uxtheme.dll
0x71790000 - 0x717a3000 	C:\Windows\system32\dwmapi.dll
0x71730000 - 0x71769000 	C:\Program Files (x86)\Java\jre1.8.0_60\bin\fontmanager.dll
0x00280000 - 0x002ae000 	C:\Windows\system32\ImageSAFERFilter.dll
0x71ca0000 - 0x71d2e000 	C:\Windows\WinSxS\x86_microsoft.vc90.crt_1fc8b3b9a1e18e3b_9.0.30729.4940_none_50916076bcb9a742\MSVCP90.dll
0x731d0000 - 0x73273000 	C:\Windows\WinSxS\x86_microsoft.vc90.crt_1fc8b3b9a1e18e3b_9.0.30729.4940_none_50916076bcb9a742\MSVCR90.dll
0x71bb0000 - 0x71c9b000 	C:\Windows\system32\dbghelp.dll
0x71b80000 - 0x71ba1000 	C:\Windows\system32\ntmarta.dll
0x767d0000 - 0x76815000 	C:\Windows\syswow64\WLDAP32.dll
0x74600000 - 0x74605000 	C:\Windows\system32\MSIMG32.dll
0x71710000 - 0x71725000 	C:\Program Files (x86)\Java\jre1.8.0_60\bin\net.dll
0x71960000 - 0x7199c000 	C:\Windows\system32\mswsock.dll
0x73e20000 - 0x73e26000 	C:\Windows\System32\wship6.dll
0x73df0000 - 0x73dff000 	C:\Program Files (x86)\Java\jre1.8.0_60\bin\nio.dll
0x716e0000 - 0x71710000 	C:\Program Files (x86)\Java\jre1.8.0_60\bin\t2k.dll
0x74fc0000 - 0x75043000 	C:\Windows\syswow64\CLBCatQ.DLL
0x715b0000 - 0x7163c000 	C:\Windows\system32\ime\imekr8\imkrtip.dll
0x71550000 - 0x715ae000 	C:\Windows\system32\ime\shared\imetip.dll
0x71530000 - 0x71550000 	C:\Windows\system32\ime\imekr8\imkrapi.dll
0x6f2c0000 - 0x6f2e3000 	C:\Windows\system32\ime\shared\imjkapi.dll
0x716b0000 - 0x716c7000 	C:\Windows\system32\CRYPTSP.dll
0x71670000 - 0x716ab000 	C:\Windows\system32\rsaenh.dll
0x76240000 - 0x76257000 	C:\Windows\syswow64\USERENV.dll
0x718a0000 - 0x718bc000 	C:\Windows\system32\IPHLPAPI.DLL
0x71890000 - 0x71897000 	C:\Windows\system32\WINNSI.DLL
0x73e00000 - 0x73e12000 	C:\Windows\system32\dhcpcsvc.DLL
0x73d90000 - 0x73d9d000 	C:\Windows\system32\dhcpcsvc6.DLL
0x15fa0000 - 0x15ff5000 	C:\Users\hsahn\AppData\Local\Temp\jna7002406044302752597.dll
0x17f80000 - 0x195bc000 	C:\Windows\system32\facesdk.dll
0x71510000 - 0x71524000 	C:\Windows\SysWOW64\devenum.dll
0x75180000 - 0x7531d000 	C:\Windows\syswow64\setupapi.dll
0x74e60000 - 0x74e87000 	C:\Windows\syswow64\CFGMGR32.dll
0x76670000 - 0x76682000 	C:\Windows\syswow64\DEVOBJ.dll
0x761e0000 - 0x7620f000 	C:\Windows\syswow64\WINTRUST.dll
0x74e90000 - 0x74fb1000 	C:\Windows\syswow64\CRYPT32.dll
0x76b10000 - 0x76b1c000 	C:\Windows\syswow64\MSASN1.dll
0x716d0000 - 0x716db000 	C:\Windows\system32\msdmo.dll
0x6f230000 - 0x6f262000 	C:\Windows\SysWOW64\qcap.dll
0x6f0c0000 - 0x6f0e1000 	C:\Windows\SysWOW64\MSVFW32.dll
0x6d640000 - 0x6d7b7000 	C:\Windows\SysWOW64\quartz.dll
0x6f080000 - 0x6f0b3000 	C:\Windows\SysWOW64\ksproxy.ax
0x71650000 - 0x71654000 	C:\Windows\SysWOW64\ksuser.dll
0x6d470000 - 0x6d633000 	C:\Windows\SysWOW64\d3d9.dll
0x6f000000 - 0x6f006000 	C:\Windows\SysWOW64\d3d8thk.dll
0x6eff0000 - 0x6eff9000 	C:\Windows\SysWOW64\vidcap.ax
0x6efd0000 - 0x6efed000 	C:\Windows\SysWOW64\kswdmcap.ax
0x6d350000 - 0x6d46c000 	C:\Windows\SysWOW64\MFC42.dll
0x6d2c0000 - 0x6d34c000 	C:\Windows\SysWOW64\ODBC32.dll
0x6ef90000 - 0x6efc8000 	C:\Windows\SysWOW64\odbcint.dll
0x6d240000 - 0x6d2c0000 	C:\Windows\SysWOW64\qedit.dll
0x75340000 - 0x753bb000 	C:\Windows\syswow64\COMDLG32.dll
0x743f0000 - 0x74580000 	C:\Windows\WinSxS\x86_microsoft.windows.gdiplus_6595b64144ccf1df_1.1.7601.18946_none_72d45ee78666ea32\gdiplus.dll

VM Arguments:
jvm_args: -Dfile.encoding=MS949 
java_command: main.MainFrame
java_class_path (initial): C:\Users\hsahn\git\JavaProject\Telecommuting\bin;C:\Users\hsahn\git\JavaProject\Telecommuting\lib\mysql-connector-java-5.1.36-bin.jar;C:\Users\hsahn\git\JavaProject\Telecommuting\lib\appframework-1.0.3.jar;C:\Users\hsahn\git\JavaProject\Telecommuting\lib\FaceSDK.jar;C:\Users\hsahn\git\JavaProject\Telecommuting\lib\jna.jar;C:\Users\hsahn\git\JavaProject\Telecommuting\lib\swing-worker-1.1.jar
Launcher Type: SUN_STANDARD

Environment Variables:
JAVA_HOME=C:\Program Files\Java\jdk1.8.0_60
JRE_HOME=C:\Program Files\Java\jdk1.8.0_60\jre
CLASSPATH=.;C:\Program Files (x86)\JMF2.1.1e\lib\sound.jar;C:\Program Files (x86)\JMF2.1.1e\lib\jmf.jar;C:\Program Files (x86)\JMF2.1.1e\lib;
PATH=C:/Program Files/Java/jre1.8.0_60/bin/server;C:/Program Files/Java/jre1.8.0_60/bin;C:/Program Files/Java/jre1.8.0_60/lib/amd64;C:\ProgramData\Oracle\Java\javapath;C:\Program Files (x86)\GnuWin32\bin;C:\Program Files\Dell\DW WLAN Card;C:\Windows\system32;C:\Windows;C:\Windows\System32\Wbem;C:\Windows\System32\WindowsPowerShell\v1.0\;C:\Program Files\WIDCOMM\Bluetooth Software\;C:\Program Files\WIDCOMM\Bluetooth Software\syswow64;C:\Program Files (x86)\Intel\OpenCL SDK\2.0\bin\x86;C:\Program Files (x86)\Intel\OpenCL SDK\2.0\bin\x64;C:\opencv\build\common\tbb\intel64\vc10\;C:\opencv\build\x64\vc10\bin;C:\Program Files\Java\jdk1.8.0_60\bin;D:\Java\lib;D:\Java\lib\facesdk.dll;C:\Users\hsahn\Documents\eclipse-java-luna-SR2-win32-x86_64\eclipse;
USERNAME=hsahn
OS=Windows_NT
PROCESSOR_IDENTIFIER=Intel64 Family 6 Model 58 Stepping 9, GenuineIntel



---------------  S Y S T E M  ---------------

OS: Windows 7 , 64 bit Build 7601 (6.1.7601.18933)

CPU:total 4 (2 cores per cpu, 2 threads per core) family 6 model 58 stepping 9, cmov, cx8, fxsr, mmx, sse, sse2, sse3, ssse3, sse4.1, sse4.2, popcnt, avx, aes, clmul, erms, ht, tsc, tscinvbit, tscinv

Memory: 4k page, physical 4057604k(2107416k free), swap 8113368k(5914908k free)

vm_info: Java HotSpot(TM) Client VM (25.60-b23) for windows-x86 JRE (1.8.0_60-b27), built on Aug  4 2015 10:57:40 by "java_re" with MS VC++ 10.0 (VS2010)

time: Thu Aug 27 22:19:05 2015
elapsed time: 11 seconds (0d 0h 0m 11s)

