#
# A fatal error has been detected by the Java Runtime Environment:
#
#  EXCEPTION_ACCESS_VIOLATION (0xc0000005) at pc=0x6bbd4ea9, pid=576, tid=4584
#
# JRE version: Java(TM) SE Runtime Environment (8.0_60-b27) (build 1.8.0_60-b27)
# Java VM: Java HotSpot(TM) Client VM (25.60-b23 mixed mode windows-x86 )
# Problematic frame:
# V  [jvm.dll+0xd4ea9]
#
# Failed to write core dump. Minidumps are not enabled by default on client versions of Windows
#
# If you would like to submit a bug report, please visit:
#   http://bugreport.java.com/bugreport/crash.jsp
#

---------------  T H R E A D  ---------------

Current thread (0x160df800):  JavaThread "Thread-5" [_thread_in_vm, id=4584, stack(0x2d7d0000,0x2d820000)]

siginfo: ExceptionCode=0xc0000005, reading address 0x00000000

Registers:
EAX=0x00000000, EBX=0x1605f901, ECX=0x00000000, EDX=0x00000000
ESP=0x2d81f2ac, EBP=0x2d81f2b8, ESI=0x1605f9f8, EDI=0x160df800
EIP=0x6bbd4ea9, EFLAGS=0x00010202

Top of Stack: (sp=0x2d81f2ac)
0x2d81f2ac:   2d81f340 00000000 1605f9f8 2d81f528
0x2d81f2bc:   16494228 160df940 1605f9f8 00000000
0x2d81f2cc:   92038be2 2d81f304 6bb06db3 00000020
0x2d81f2dc:   164941b7 00000001 160df800 15aadfe0
0x2d81f2ec:   2d81f2dc 160df800 2d81f90c 00000020
0x2d81f2fc:   164941a3 fffffffe 2d81f314 6bb06e24
0x2d81f30c:   160df800 160df800 2d81f338 00000000
0x2d81f31c:   16494185 00000006 00000004 160df800 

Instructions: (pc=0x6bbd4ea9)
0x6bbd4e89:   0d 0a 00 33 ff eb 02 8b f9 6a 06 57 e8 c6 1f f3
0x6bbd4e99:   ff 8b 75 0c 83 c4 08 b3 01 85 f6 74 39 8b 45 10
0x6bbd4ea9:   8b 00 50 32 db e8 6d c7 f6 ff 83 c4 04 85 c0 74
0x6bbd4eb9:   25 8b 0e 8b 49 04 8b 50 08 39 04 0a 75 04 b0 01 


Register to memory mapping:

EAX=0x00000000 is an unknown value
EBX=0x1605f901 is an unknown value
ECX=0x00000000 is an unknown value
EDX=0x00000000 is an unknown value
ESP=0x2d81f2ac is pointing into the stack for thread: 0x160df800
EBP=0x2d81f2b8 is pointing into the stack for thread: 0x160df800
ESI=0x1605f9f8 is an unknown value
EDI=0x160df800 is a thread


Stack: [0x2d7d0000,0x2d820000],  sp=0x2d81f2ac,  free space=316k
Native frames: (J=compiled Java code, j=interpreted, Vv=VM code, C=native code)
V  [jvm.dll+0xd4ea9]
C  [jna8530688853601454121.dll+0x4228]
C  [jna8530688853601454121.dll+0x4d0e]
j  com.sun.jna.Native.invokeInt(JI[Ljava/lang/Object;)I+0
j  com.sun.jna.Function.invoke([Ljava/lang/Object;Ljava/lang/Class;Z)Ljava/lang/Object;+333
J 537 C1 com.sun.jna.Function.invoke(Ljava/lang/Class;[Ljava/lang/Object;Ljava/util/Map;)Ljava/lang/Object; (526 bytes) @ 0x02995fd4 [0x02995b50+0x484]
j  com.sun.jna.Library$Handler.invoke(Ljava/lang/Object;Ljava/lang/reflect/Method;[Ljava/lang/Object;)Ljava/lang/Object;+341
j  Luxand.$Proxy0.FSDK_CreateEmptyImage(Lcom/sun/jna/ptr/IntByReference;)I+16
j  Luxand.FSDK.CreateEmptyImage(LLuxand/FSDK$HImage;)I+12
j  camera.TFaceRecord.menuEnrollFace()V+161
j  admin.FileServerThread.run()V+211
v  ~StubRoutines::call_stub
V  [jvm.dll+0x158985]
V  [jvm.dll+0x21df3e]
V  [jvm.dll+0x158a1e]
V  [jvm.dll+0x158ba6]
V  [jvm.dll+0x158c17]
V  [jvm.dll+0xfd45f]
V  [jvm.dll+0x17bddc]
V  [jvm.dll+0x17beca]
V  [jvm.dll+0x1c0466]
C  [msvcr100.dll+0x5c556]
C  [msvcr100.dll+0x5c600]
C  [kernel32.dll+0x1336a]
C  [ntdll.dll+0x39882]
C  [ntdll.dll+0x39855]
C  0x00000000

Java frames: (J=compiled Java code, j=interpreted, Vv=VM code)
j  com.sun.jna.Native.invokeInt(JI[Ljava/lang/Object;)I+0
j  com.sun.jna.Function.invoke([Ljava/lang/Object;Ljava/lang/Class;Z)Ljava/lang/Object;+333
J 537 C1 com.sun.jna.Function.invoke(Ljava/lang/Class;[Ljava/lang/Object;Ljava/util/Map;)Ljava/lang/Object; (526 bytes) @ 0x02995fd4 [0x02995b50+0x484]
j  com.sun.jna.Library$Handler.invoke(Ljava/lang/Object;Ljava/lang/reflect/Method;[Ljava/lang/Object;)Ljava/lang/Object;+341
j  Luxand.$Proxy0.FSDK_CreateEmptyImage(Lcom/sun/jna/ptr/IntByReference;)I+16
j  Luxand.FSDK.CreateEmptyImage(LLuxand/FSDK$HImage;)I+12
j  camera.TFaceRecord.menuEnrollFace()V+161
j  admin.FileServerThread.run()V+211
v  ~StubRoutines::call_stub

---------------  P R O C E S S  ---------------

Java Threads: ( => current thread )
=>0x160df800 JavaThread "Thread-5" [_thread_in_vm, id=4584, stack(0x2d7d0000,0x2d820000)]
  0x01212400 JavaThread "Abandoned connection cleanup thread" daemon [_thread_blocked, id=3544, stack(0x15920000,0x15970000)]
  0x15e59c00 JavaThread "Thread-2" [_thread_in_native, id=5656, stack(0x17740000,0x17790000)]
  0x15e5d400 JavaThread "TimerQueue" daemon [_thread_blocked, id=3052, stack(0x174f0000,0x17540000)]
  0x00e9c400 JavaThread "DestroyJavaVM" [_thread_blocked, id=3840, stack(0x01020000,0x01070000)]
  0x01270c00 JavaThread "AWT-EventQueue-0" [_thread_blocked, id=6808, stack(0x15480000,0x154d0000)]
  0x0126f000 JavaThread "AWT-Shutdown" [_thread_blocked, id=6852, stack(0x155a0000,0x155f0000)]
  0x0126bc00 JavaThread "Java2D Disposer" daemon [_thread_blocked, id=1900, stack(0x15410000,0x15460000)]
  0x01191400 JavaThread "Service Thread" daemon [_thread_blocked, id=5612, stack(0x152f0000,0x15340000)]
  0x0116a400 JavaThread "C1 CompilerThread0" daemon [_thread_blocked, id=1040, stack(0x15270000,0x152c0000)]
  0x01166400 JavaThread "Attach Listener" daemon [_thread_blocked, id=1772, stack(0x15130000,0x15180000)]
  0x01150000 JavaThread "Signal Dispatcher" daemon [_thread_blocked, id=6384, stack(0x14fe0000,0x15030000)]
  0x01123800 JavaThread "Finalizer" daemon [_thread_blocked, id=1784, stack(0x14f60000,0x14fb0000)]
  0x0111e800 JavaThread "Reference Handler" daemon [_thread_blocked, id=7128, stack(0x04890000,0x048e0000)]

Other Threads:
  0x01119400 VMThread [stack: 0x049a0000,0x049f0000] [id=6784]
  0x011ebc00 WatcherThread [stack: 0x153b0000,0x15400000] [id=2592]

VM state:synchronizing (normal execution)

VM Mutex/Monitor currently owned by a thread:  ([mutex/lock_event])
[0x00e9a788] Threads_lock - owner thread: 0x01119400

Heap:
 def new generation   total 4928K, used 1689K [0x04a00000, 0x04f50000, 0x09f50000)
  eden space 4416K,  26% used [0x04a00000, 0x04b26758, 0x04e50000)
  from space 512K, 100% used [0x04ed0000, 0x04f50000, 0x04f50000)
  to   space 512K,   0% used [0x04e50000, 0x04e50000, 0x04ed0000)
 tenured generation   total 10944K, used 9104K [0x09f50000, 0x0aa00000, 0x14a00000)
   the space 10944K,  83% used [0x09f50000, 0x0a834108, 0x0a834200, 0x0aa00000)
 Metaspace       used 9054K, capacity 9233K, committed 9344K, reserved 9600K

Card table byte_map: [0x01070000,0x01100000] byte_map_base: 0x0104b000

Polling page: 0x00200000

CodeCache: size=32768Kb used=1573Kb max_used=1573Kb free=31194Kb
 bounds [0x02810000, 0x029a0000, 0x04810000]
 total_blobs=795 nmethods=534 adapters=192
 compilation: enabled

Compilation events (10 events):
Event: 73.214 Thread 0x0116a400  535             com.sun.jna.Memory::<init> (75 bytes)
Event: 73.215 Thread 0x0116a400 nmethod 535 0x02994908 code [0x02994a80, 0x02995214]
Event: 73.215 Thread 0x0116a400  536             com.sun.jna.Memory::malloc (5 bytes)
Event: 73.215 Thread 0x0116a400 nmethod 536 0x029955c8 code [0x029956c0, 0x0299574c]
Event: 73.273 Thread 0x0116a400  537             com.sun.jna.Function::invoke (526 bytes)
Event: 73.276 Thread 0x0116a400 nmethod 537 0x029957c8 code [0x02995b50, 0x02996c4c]
Event: 85.907 Thread 0x0116a400  538             java.lang.String$CaseInsensitiveComparator::compare (111 bytes)
Event: 85.907 Thread 0x0116a400 nmethod 538 0x02998888 code [0x02998a20, 0x02998d48]
Event: 86.632 Thread 0x0116a400  539             java.lang.reflect.Method::getDeclaringClass (5 bytes)
Event: 86.632 Thread 0x0116a400 nmethod 539 0x02999348 code [0x02999440, 0x029994c0]

GC Heap History (10 events):
Event: 15.797 GC heap before
{Heap before GC invocations=2 (full 0):
 def new generation   total 4928K, used 4619K [0x04a00000, 0x04f50000, 0x09f50000)
  eden space 4416K,  99% used [0x04a00000, 0x04e48f18, 0x04e50000)
  from space 512K,  45% used [0x04e50000, 0x04e89f98, 0x04ed0000)
  to   space 512K,   0% used [0x04ed0000, 0x04ed0000, 0x04f50000)
 tenured generation   total 10944K, used 3780K [0x09f50000, 0x0aa00000, 0x14a00000)
   the space 10944K,  34% used [0x09f50000, 0x0a3010f8, 0x0a301200, 0x0aa00000)
 Metaspace       used 7702K, capacity 7887K, committed 7936K, reserved 8576K
Event: 15.802 GC heap after
Heap after GC invocations=3 (full 0):
 def new generation   total 4928K, used 512K [0x04a00000, 0x04f50000, 0x09f50000)
  eden space 4416K,   0% used [0x04a00000, 0x04a00000, 0x04e50000)
  from space 512K, 100% used [0x04ed0000, 0x04f50000, 0x04f50000)
  to   space 512K,   0% used [0x04e50000, 0x04e50000, 0x04ed0000)
 tenured generation   total 10944K, used 5399K [0x09f50000, 0x0aa00000, 0x14a00000)
   the space 10944K,  49% used [0x09f50000, 0x0a495dc0, 0x0a495e00, 0x0aa00000)
 Metaspace       used 7702K, capacity 7887K, committed 7936K, reserved 8576K
}
Event: 16.297 GC heap before
{Heap before GC invocations=3 (full 0):
 def new generation   total 4928K, used 4928K [0x04a00000, 0x04f50000, 0x09f50000)
  eden space 4416K, 100% used [0x04a00000, 0x04e50000, 0x04e50000)
  from space 512K, 100% used [0x04ed0000, 0x04f50000, 0x04f50000)
  to   space 512K,   0% used [0x04e50000, 0x04e50000, 0x04ed0000)
 tenured generation   total 10944K, used 5399K [0x09f50000, 0x0aa00000, 0x14a00000)
   the space 10944K,  49% used [0x09f50000, 0x0a495dc0, 0x0a495e00, 0x0aa00000)
 Metaspace       used 8949K, capacity 9135K, committed 9216K, reserved 9600K
Event: 16.300 GC heap after
Heap after GC invocations=4 (full 0):
 def new generation   total 4928K, used 512K [0x04a00000, 0x04f50000, 0x09f50000)
  eden space 4416K,   0% used [0x04a00000, 0x04a00000, 0x04e50000)
  from space 512K, 100% used [0x04e50000, 0x04ed0000, 0x04ed0000)
  to   space 512K,   0% used [0x04ed0000, 0x04ed0000, 0x04f50000)
 tenured generation   total 10944K, used 6316K [0x09f50000, 0x0aa00000, 0x14a00000)
   the space 10944K,  57% used [0x09f50000, 0x0a57b1a0, 0x0a57b200, 0x0aa00000)
 Metaspace       used 8949K, capacity 9135K, committed 9216K, reserved 9600K
}
Event: 49.488 GC heap before
{Heap before GC invocations=4 (full 0):
 def new generation   total 4928K, used 4928K [0x04a00000, 0x04f50000, 0x09f50000)
  eden space 4416K, 100% used [0x04a00000, 0x04e50000, 0x04e50000)
  from space 512K, 100% used [0x04e50000, 0x04ed0000, 0x04ed0000)
  to   space 512K,   0% used [0x04ed0000, 0x04ed0000, 0x04f50000)
 tenured generation   total 10944K, used 6316K [0x09f50000, 0x0aa00000, 0x14a00000)
   the space 10944K,  57% used [0x09f50000, 0x0a57b1a0, 0x0a57b200, 0x0aa00000)
 Metaspace       used 9030K, capacity 9201K, committed 9344K, reserved 9600K
Event: 49.493 GC heap after
Heap after GC invocations=5 (full 0):
 def new generation   total 4928K, used 511K [0x04a00000, 0x04f50000, 0x09f50000)
  eden space 4416K,   0% used [0x04a00000, 0x04a00000, 0x04e50000)
  from space 512K,  99% used [0x04ed0000, 0x04f4fff8, 0x04f50000)
  to   space 512K,   0% used [0x04e50000, 0x04e50000, 0x04ed0000)
 tenured generation   total 10944K, used 7155K [0x09f50000, 0x0aa00000, 0x14a00000)
   the space 10944K,  65% used [0x09f50000, 0x0a64cee0, 0x0a64d000, 0x0aa00000)
 Metaspace       used 9030K, capacity 9201K, committed 9344K, reserved 9600K
}
Event: 72.742 GC heap before
{Heap before GC invocations=5 (full 0):
 def new generation   total 4928K, used 4927K [0x04a00000, 0x04f50000, 0x09f50000)
  eden space 4416K, 100% used [0x04a00000, 0x04e50000, 0x04e50000)
  from space 512K,  99% used [0x04ed0000, 0x04f4fff8, 0x04f50000)
  to   space 512K,   0% used [0x04e50000, 0x04e50000, 0x04ed0000)
 tenured generation   total 10944K, used 7155K [0x09f50000, 0x0aa00000, 0x14a00000)
   the space 10944K,  65% used [0x09f50000, 0x0a64cee0, 0x0a64d000, 0x0aa00000)
 Metaspace       used 9030K, capacity 9201K, committed 9344K, reserved 9600K
Event: 72.747 GC heap after
Heap after GC invocations=6 (full 0):
 def new generation   total 4928K, used 512K [0x04a00000, 0x04f50000, 0x09f50000)
  eden space 4416K,   0% used [0x04a00000, 0x04a00000, 0x04e50000)
  from space 512K, 100% used [0x04e50000, 0x04ed0000, 0x04ed0000)
  to   space 512K,   0% used [0x04ed0000, 0x04ed0000, 0x04f50000)
 tenured generation   total 10944K, used 7986K [0x09f50000, 0x0aa00000, 0x14a00000)
   the space 10944K,  72% used [0x09f50000, 0x0a71c8a8, 0x0a71ca00, 0x0aa00000)
 Metaspace       used 9030K, capacity 9201K, committed 9344K, reserved 9600K
}
Event: 348.372 GC heap before
{Heap before GC invocations=6 (full 0):
 def new generation   total 4928K, used 4920K [0x04a00000, 0x04f50000, 0x09f50000)
  eden space 4416K,  99% used [0x04a00000, 0x04e4e000, 0x04e50000)
  from space 512K, 100% used [0x04e50000, 0x04ed0000, 0x04ed0000)
  to   space 512K,   0% used [0x04ed0000, 0x04ed0000, 0x04f50000)
 tenured generation   total 10944K, used 7986K [0x09f50000, 0x0aa00000, 0x14a00000)
   the space 10944K,  72% used [0x09f50000, 0x0a71c8a8, 0x0a71ca00, 0x0aa00000)
 Metaspace       used 9033K, capacity 9201K, committed 9344K, reserved 9600K
Event: 348.380 GC heap after
Heap after GC invocations=7 (full 0):
 def new generation   total 4928K, used 512K [0x04a00000, 0x04f50000, 0x09f50000)
  eden space 4416K,   0% used [0x04a00000, 0x04a00000, 0x04e50000)
  from space 512K, 100% used [0x04ed0000, 0x04f50000, 0x04f50000)
  to   space 512K,   0% used [0x04e50000, 0x04e50000, 0x04ed0000)
 tenured generation   total 10944K, used 9104K [0x09f50000, 0x0aa00000, 0x14a00000)
   the space 10944K,  83% used [0x09f50000, 0x0a834108, 0x0a834200, 0x0aa00000)
 Metaspace       used 9033K, capacity 9201K, committed 9344K, reserved 9600K
}

Deoptimization events (0 events):
No events

Internal exceptions (10 events):
Event: 0.130 Thread 0x00e9c400 Exception <a 'java/security/PrivilegedActionException'> (0x04ae0c38) thrown at [D:\re\puppet\workspace\8-2-build-windows-i586-cygwin\jdk8u60\4407\hotspot\src\share\vm\prims\jvm.cpp, line 1386]
Event: 0.130 Thread 0x00e9c400 Exception <a 'java/security/PrivilegedActionException'> (0x04ae0e38) thrown at [D:\re\puppet\workspace\8-2-build-windows-i586-cygwin\jdk8u60\4407\hotspot\src\share\vm\prims\jvm.cpp, line 1386]
Event: 0.133 Thread 0x00e9c400 Exception <a 'java/io/FileNotFoundException'> (0x04af9f98) thrown at [D:\re\puppet\workspace\8-2-build-windows-i586-cygwin\jdk8u60\4407\hotspot\src\share\vm\prims\jni.cpp, line 709]
Event: 0.161 Thread 0x00e9c400 Exception <a 'java/lang/NoSuchFieldError': method resolution failed> (0x04bb57e8) thrown at [D:\re\puppet\workspace\8-2-build-windows-i586-cygwin\jdk8u60\4407\hotspot\src\share\vm\prims\methodHandles.cpp, line 1146]
Event: 0.163 Thread 0x00e9c400 Exception <a 'java/lang/NoSuchFieldError': method resolution failed> (0x04bc1a00) thrown at [D:\re\puppet\workspace\8-2-build-windows-i586-cygwin\jdk8u60\4407\hotspot\src\share\vm\prims\methodHandles.cpp, line 1146]
Event: 0.200 Thread 0x01270c00 Exception <a 'java/io/FileNotFoundException'> (0x04c7adb8) thrown at [D:\re\puppet\workspace\8-2-build-windows-i586-cygwin\jdk8u60\4407\hotspot\src\share\vm\prims\jni.cpp, line 709]
Event: 0.262 Thread 0x01270c00 Exception <a 'java/io/FileNotFoundException'> (0x04d444a0) thrown at [D:\re\puppet\workspace\8-2-build-windows-i586-cygwin\jdk8u60\4407\hotspot\src\share\vm\prims\jni.cpp, line 709]
Event: 0.262 Thread 0x01270c00 Exception <a 'java/lang/NullPointerException'> (0x04d44af8) thrown at [D:\re\puppet\workspace\8-2-build-windows-i586-cygwin\jdk8u60\4407\hotspot\src\share\vm\interpreter\linkResolver.cpp, line 1178]
Event: 348.357 Thread 0x160df800 Exception <a 'sun/net/ConnectionResetException': > (0x04dab970) thrown at [D:\re\puppet\workspace\8-2-build-windows-i586-cygwin\jdk8u60\4407\hotspot\src\share\vm\prims\jni.cpp, line 735]
Event: 348.358 Thread 0x160df800 Exception <a 'sun/net/ConnectionResetException': > (0x04dabb90) thrown at [D:\re\puppet\workspace\8-2-build-windows-i586-cygwin\jdk8u60\4407\hotspot\src\share\vm\prims\jni.cpp, line 735]

Events (10 events):
Event: 349.409 loading class java/lang/ProcessBuilder done
Event: 349.409 loading class java/lang/ProcessImpl
Event: 349.409 loading class java/lang/Process
Event: 349.409 loading class java/lang/Process done
Event: 349.409 loading class java/lang/ProcessImpl done
Event: 349.415 Thread 0x0126fc00 Thread exited: 0x0126fc00
Event: 349.416 Thread 0x1608d400 Thread exited: 0x1608d400
Event: 349.423 loading class java/lang/ProcessImpl$2
Event: 349.423 loading class java/lang/ProcessImpl$2 done
Event: 349.423 Thread 0x240df400 Thread exited: 0x240df400


Dynamic libraries:
0x013d0000 - 0x01403000 	C:\Program Files (x86)\Java\jre1.8.0_60\bin\javaw.exe
0x77a40000 - 0x77bc0000 	C:\Windows\SysWOW64\ntdll.dll
0x756b0000 - 0x757c0000 	C:\Windows\syswow64\kernel32.dll
0x76ff0000 - 0x77037000 	C:\Windows\syswow64\KERNELBASE.dll
0x77470000 - 0x77510000 	C:\Windows\syswow64\ADVAPI32.dll
0x760f0000 - 0x7619c000 	C:\Windows\syswow64\msvcrt.dll
0x77060000 - 0x77079000 	C:\Windows\SysWOW64\sechost.dll
0x761a0000 - 0x76290000 	C:\Windows\syswow64\RPCRT4.dll
0x753c0000 - 0x75420000 	C:\Windows\syswow64\SspiCli.dll
0x753b0000 - 0x753bc000 	C:\Windows\syswow64\CRYPTBASE.dll
0x77300000 - 0x77400000 	C:\Windows\syswow64\USER32.dll
0x75db0000 - 0x75e40000 	C:\Windows\syswow64\GDI32.dll
0x757c0000 - 0x757ca000 	C:\Windows\syswow64\LPK.dll
0x77520000 - 0x775bd000 	C:\Windows\syswow64\USP10.dll
0x74f50000 - 0x750ee000 	C:\Windows\WinSxS\x86_microsoft.windows.common-controls_6595b64144ccf1df_6.0.7601.18837_none_41e855142bd5705d\COMCTL32.dll
0x77410000 - 0x77467000 	C:\Windows\syswow64\SHLWAPI.dll
0x770f0000 - 0x77150000 	C:\Windows\system32\IMM32.DLL
0x762d0000 - 0x7639c000 	C:\Windows\syswow64\MSCTF.dll
0x6bed0000 - 0x6bf8f000 	C:\Program Files (x86)\Java\jre1.8.0_60\bin\msvcr100.dll
0x6bb00000 - 0x6bec5000 	C:\Program Files (x86)\Java\jre1.8.0_60\bin\client\jvm.dll
0x722e0000 - 0x722e7000 	C:\Windows\system32\WSOCK32.dll
0x75670000 - 0x756a5000 	C:\Windows\syswow64\WS2_32.dll
0x77400000 - 0x77406000 	C:\Windows\syswow64\NSI.dll
0x723f0000 - 0x72422000 	C:\Windows\system32\WINMM.dll
0x75100000 - 0x75109000 	C:\Windows\system32\VERSION.dll
0x77080000 - 0x77085000 	C:\Windows\syswow64\PSAPI.DLL
0x74af0000 - 0x74afc000 	C:\Program Files (x86)\Java\jre1.8.0_60\bin\verify.dll
0x74210000 - 0x74231000 	C:\Program Files (x86)\Java\jre1.8.0_60\bin\java.dll
0x6f890000 - 0x6f8a3000 	C:\Program Files (x86)\Java\jre1.8.0_60\bin\zip.dll
0x763a0000 - 0x76feb000 	C:\Windows\syswow64\SHELL32.dll
0x75ed0000 - 0x7602c000 	C:\Windows\syswow64\ole32.dll
0x75da0000 - 0x75dab000 	C:\Windows\syswow64\profapi.dll
0x6b9b0000 - 0x6baf5000 	C:\Program Files (x86)\Java\jre1.8.0_60\bin\awt.dll
0x75e40000 - 0x75ecf000 	C:\Windows\syswow64\OLEAUT32.dll
0x74a50000 - 0x74ad0000 	C:\Windows\system32\uxtheme.dll
0x748a0000 - 0x748b3000 	C:\Windows\system32\dwmapi.dll
0x6b970000 - 0x6b9a9000 	C:\Program Files (x86)\Java\jre1.8.0_60\bin\fontmanager.dll
0x005e0000 - 0x0060e000 	C:\Windows\system32\ImageSAFERFilter.dll
0x72530000 - 0x725be000 	C:\Windows\WinSxS\x86_microsoft.vc90.crt_1fc8b3b9a1e18e3b_9.0.30729.4940_none_50916076bcb9a742\MSVCP90.dll
0x73cf0000 - 0x73d93000 	C:\Windows\WinSxS\x86_microsoft.vc90.crt_1fc8b3b9a1e18e3b_9.0.30729.4940_none_50916076bcb9a742\MSVCR90.dll
0x725c0000 - 0x726ab000 	C:\Windows\system32\dbghelp.dll
0x724c0000 - 0x724e1000 	C:\Windows\system32\ntmarta.dll
0x75940000 - 0x75985000 	C:\Windows\syswow64\WLDAP32.dll
0x74950000 - 0x74955000 	C:\Windows\system32\MSIMG32.dll
0x6f870000 - 0x6f885000 	C:\Program Files (x86)\Java\jre1.8.0_60\bin\net.dll
0x724f0000 - 0x7252c000 	C:\Windows\system32\mswsock.dll
0x724b0000 - 0x724b6000 	C:\Windows\System32\wship6.dll
0x74ae0000 - 0x74aef000 	C:\Program Files (x86)\Java\jre1.8.0_60\bin\nio.dll
0x6b940000 - 0x6b970000 	C:\Program Files (x86)\Java\jre1.8.0_60\bin\t2k.dll
0x75990000 - 0x75a13000 	C:\Windows\syswow64\CLBCatQ.DLL
0x71530000 - 0x71550000 	C:\Windows\system32\ime\imekr8\imkrapi.dll
0x70670000 - 0x70693000 	C:\Windows\system32\ime\shared\imjkapi.dll
0x691f0000 - 0x69321000 	C:\Windows\system32\WindowsCodecs.dll
0x721e0000 - 0x7222c000 	C:\Windows\system32\apphelp.dll
0x6b8c0000 - 0x6b8f1000 	C:\Windows\system32\EhStorShell.dll
0x77150000 - 0x772ed000 	C:\Windows\syswow64\SETUPAPI.dll
0x762a0000 - 0x762c7000 	C:\Windows\syswow64\CFGMGR32.dll
0x75b50000 - 0x75b62000 	C:\Windows\syswow64\DEVOBJ.dll
0x70100000 - 0x701f5000 	C:\Windows\system32\PROPSYS.dll
0x6ee60000 - 0x6eed0000 	C:\Windows\system32\ntshrui.dll
0x72290000 - 0x722a9000 	C:\Windows\system32\srvcli.dll
0x71b70000 - 0x71b7b000 	C:\Windows\system32\cscapi.dll
0x74a10000 - 0x74a1a000 	C:\Windows\system32\slc.dll
0x72490000 - 0x72495000 	C:\Windows\System32\wshtcpip.dll
0x72430000 - 0x72474000 	C:\Windows\system32\DNSAPI.dll
0x72390000 - 0x723b1000 	C:\Program Files (x86)\Bonjour\mdnsNSP.dll
0x72370000 - 0x7238c000 	C:\Windows\system32\Iphlpapi.DLL
0x72350000 - 0x72357000 	C:\Windows\system32\WINNSI.DLL
0x72340000 - 0x72346000 	C:\Windows\system32\rasadhlp.dll
0x721a0000 - 0x721d8000 	C:\Windows\System32\fwpuclnt.dll
0x74930000 - 0x74947000 	C:\Windows\system32\CRYPTSP.dll
0x748f0000 - 0x7492b000 	C:\Windows\system32\rsaenh.dll
0x77040000 - 0x77057000 	C:\Windows\syswow64\USERENV.dll
0x72320000 - 0x72332000 	C:\Windows\system32\dhcpcsvc.DLL
0x72310000 - 0x7231d000 	C:\Windows\system32\dhcpcsvc6.DLL
0x16490000 - 0x164e5000 	C:\Users\hsahn\AppData\Local\Temp\jna8530688853601454121.dll
0x17d60000 - 0x1939c000 	C:\Windows\system32\facesdk.dll

VM Arguments:
jvm_args: -Dfile.encoding=MS949 
java_command: main.MainFrame
java_class_path (initial): C:\Users\hsahn\git\JavaProject\Telecommuting\bin;C:\Users\hsahn\git\JavaProject\Telecommuting\lib\mysql-connector-java-5.1.36-bin.jar;C:\Users\hsahn\git\JavaProject\Telecommuting\lib\appframework-1.0.3.jar;C:\Users\hsahn\git\JavaProject\Telecommuting\lib\FaceSDK.jar;C:\Users\hsahn\git\JavaProject\Telecommuting\lib\jna.jar;C:\Users\hsahn\git\JavaProject\Telecommuting\lib\swing-worker-1.1.jar
Launcher Type: SUN_STANDARD

Environment Variables:
JAVA_HOME=C:\Program Files\Java\jdk1.8.0_60
JRE_HOME=C:\Program Files\Java\jdk1.8.0_60\jre
CLASSPATH=.;C:\Program Files (x86)\JMF2.1.1e\lib\sound.jar;C:\Program Files (x86)\JMF2.1.1e\lib\jmf.jar;C:\Program Files (x86)\JMF2.1.1e\lib;
PATH=C:/Program Files/Java/jre1.8.0_60/bin/server;C:/Program Files/Java/jre1.8.0_60/bin;C:/Program Files/Java/jre1.8.0_60/lib/amd64;C:\oraclexe\app\oracle\product\10.2.0\server\bin;C:\ProgramData\Oracle\Java\javapath;C:\Program Files (x86)\GnuWin32\bin;C:\Program Files\Dell\DW WLAN Card;C:\Windows\system32;C:\Windows;C:\Windows\System32\Wbem;C:\Windows\System32\WindowsPowerShell\v1.0\;C:\Program Files\WIDCOMM\Bluetooth Software\;C:\Program Files\WIDCOMM\Bluetooth Software\syswow64;C:\Program Files (x86)\Intel\OpenCL SDK\2.0\bin\x86;C:\Program Files (x86)\Intel\OpenCL SDK\2.0\bin\x64;C:\opencv\build\common\tbb\intel64\vc10\;C:\opencv\build\x64\vc10\bin;C:\Program Files\Java\jdk1.8.0_60\bin;D:\Java\lib;D:\Java\lib\facesdk.dll;C:\oraclexe;C:\Users\hsahn\Documents\eclipse-java-luna-SR2-win32-x86_64\eclipse;
USERNAME=hsahn
OS=Windows_NT
PROCESSOR_IDENTIFIER=Intel64 Family 6 Model 58 Stepping 9, GenuineIntel



---------------  S Y S T E M  ---------------

OS: Windows 7 , 64 bit Build 7601 (6.1.7601.18933)

CPU:total 4 (2 cores per cpu, 2 threads per core) family 6 model 58 stepping 9, cmov, cx8, fxsr, mmx, sse, sse2, sse3, ssse3, sse4.1, sse4.2, popcnt, avx, aes, clmul, erms, ht, tsc, tscinvbit, tscinv

Memory: 4k page, physical 4057604k(928592k free), swap 8113368k(3181164k free)

vm_info: Java HotSpot(TM) Client VM (25.60-b23) for windows-x86 JRE (1.8.0_60-b27), built on Aug  4 2015 10:57:40 by "java_re" with MS VC++ 10.0 (VS2010)

time: Mon Sep 07 19:00:18 2015
elapsed time: 349 seconds (0d 0h 5m 49s)

